:10400000B240805A20013F40C69C3E4000113D40D6
:104010003E110D9E0524FE4F00001E530E9DFB2BEE
:104020003F403E113D400D130D9F0524CF4300003E
:104030001F530F9DFB2B30409E4B30403E400013E2
:104040000000100050009000D000F0000F4212C39A
:104050000F100F110F115FF332C203437FF3304192
:104060004F93012432D230410F120E120D120C1256
:10407000B01284403C413D413E413F41B1C0F0005F
:10408000000000131F4262018F105FF302241F42E1
:10409000720130411F4264018F105FF302241F42FE
:1040A000740130411F4266018F105FF302241F42EA
:1040B000760130410F120E120D120C121F422E010A
:1040C00012C34F107FF31F930B242F9303340F93CE
:1040D00004240B3C2F930724083CB0128440053C79
:1040E000B0129440023CB012A4403C413D413E41DC
:1040F0003F41B1C0F000000000130F120E120D126C
:104100000C124F43B0121A413C413D413E413F41E8
:10411000B1C0F0000000001330414E4F7FF33F92DA
:104120007C2C0F5F104F2841384168418641CC41BB
:10413000DC41EC41FC410C421F4282018F105FF3D5
:1041400003241F4292013041B2F0EFFF82018293BB
:10415000C61107208293C81104204F43B012224297
:104160003041B012764230413E4084012F4E8F10D4
:104170005FF356241F4294019EC30000AEC30000AB
:10418000B012D46A30411F4286018F105FF30324BE
:104190001F4296013041B2F0EFFF86018293AE11CB
:1041A00012208293B0110F20B012AE6D92931811AD
:1041B0003720A2431811B0125A4BB0126A4B4F432A
:1041C000B0121A4A3041B012964630411F4288015F
:1041D0008F105FF325241F42980130411F428A014E
:1041E0008F105FF31D241F429A0130411F428C0142
:1041F0008F105FF315241F429C0130411F428E0136
:104200008F105FF30D241F429E0130419253C21163
:104210009253E0118263E21130414F4EB0121841C7
:1042200030410B124B4FB0124C404D4F0E434F4B91
:10423000FF938A110320C29B0B1301201E430F43DF
:104240004E930D20F293F3120320C24BF312043C61
:104250005F420B13CF4B8A11C24B0B131F434F937B
:1042600003207B400500013C4B434F4DB0126040A2
:104270004F4B3B4130410B120A1209120812B01287
:1042800074430A4E0B4F1E42CC111F42CE111E52D8
:10429000C6111F62C811084E094F088A097B0C4AD3
:1042A0000D4B1C82CC111D72CE1108280C4E0D4FE7
:1042B0001C82CC111D72CE110F28073C0C4E0D4FE5
:1042C0001C82CC111D72CE11052C0C4A0D4B0C8E8C
:1042D0000D7F0228084309430C480D493C80010426
:1042E0000D7314280E4A0F4B3E5000040F63824E8C
:1042F000CC11824FCE11385000FC39638248C61170
:104300008249C8113840000409430A3C9252C61140
:10431000CC119262C811CE118243C6118243C811DA
:104320000B4A0B5B0B5B0B5B0B5B0B5B0F480F5F75
:104330000F5F0F5F0F5F0A4F0A5AB012EA430E4F2A
:104340000E8B0E9A042C0A8E3A900300042CB012A5
:10435000EA432F53013C0F5A824F92013F408201A2
:104360009FC30000BFD010000000384139413A41DE
:104370003B4130410B120A120912B0124C40494F16
:104380001A42E0111B42E211B012EA430E4F1F42E3
:1043900080015FF37FF34F9305241A530B63B01230
:1043A000EA430E4F0F4E12C30F100F110F110F11D2
:1043B0000F110C4F0D430E4A0F4B4FEE0FEE8F10A7
:1043C0007EF38E100E5E0F6F0E5E0F6F0A4E0B4F58
:1043D0000A5A0B6B0ADC0BDD4F49B01260400E4AE3
:1043E0000F4B39413A413B4130411E4290013D4023
:1043F00090010F4E2E4D0F9EFC230F4E30410B129D
:104400000A1209120812B0124C40484F1942C21148
:10441000B012EA430E4F1F4280015FF37FF34F93C8
:1044200004241953B012EA430E4F0F430B490A43B9
:104430000ADE0BDF4F48B01260400E4A0F4B384186
:1044400039413A413B4130413E408401BEF0EFFFEB
:104450000000E2D31F009EC30000AEC300003FF087
:1044600003008F100F5F0F5F0F5F0F5F0F5F0F5F16
:104470003FD000018E4F0000BED0100000000F435F
:104480003041B0124C40E2C21D00B01260403041D9
:104490000B120A120912081207120612094F474E90
:1044A0004B4C084DB0124C404A4F4E434F43B01254
:1044B0000E454F9305244F4AB01260400F43203CF5
:1044C0004F4AB01260404F47095F4F497FD080FF8D
:1044D000B0123A45474F0F4912C30F107FF0C0FF8B
:1044E000B0123A454B930B244A4B4F4B0E4A0E8F5A
:1044F0000F4E0F586F4FB0123A457B53F6234F477C
:1045000036413741384139413A413B4130410B1244
:104510000A1209124B4F4A4EB0124C404E4F4943BB
:104520004F4BCF9A7A12012059434F4EB012604040
:104530004F4939413A413B413041C24F77005F42D8
:1045400002007FF0400002241F43013C0F437FF331
:104550004F93F527F2F0BFFF02005F4276007FF332
:104560003041B0124C40E2D21D00B01260403041E8
:104570000B120A12091208124B4FB0124C40484F4E
:10458000C29B1B111324B01260401F43343CC24C29
:104590001B111F430E9303240F5F1E83FD23C2CF05
:1045A0001A117F400700B0122242213CF2431B1136
:1045B000C2931A1114244C4359421A117A4005002F
:1045C000B012B69B4C4E7EF30D4E0F490D93032453
:1045D0000F111D83FD231FF3DA235C53EF3FB0124D
:1045E0004C40C2437A12B0126040B01200464F48AD
:1045F000B01260400F43384139413A413B413041AC
:10460000C2931A110920F2931B1106204E434F4307
:10461000B0120E454F9302201F433041D243821205
:10462000C29388110224C2438212C29382120524CB
:104630004F43B012F0690F4330413F400500304115
:10464000F2F0BFFF04003F401B00EFC30000EFC2C9
:104650000000FFC2000030410B120A1209120812BA
:1046600007120A4E0B4F084C094DB0124C40474FF1
:10467000824A5011824B52118248AE118249B011C8
:10468000B01296464F47B012604037413841394129
:104690003A413B4130410B120A1209120812B01282
:1046A000FE430A4E0B4F1E4250111F4252111E5222
:1046B000AE111F62B011084E094F088A097B0C4ADF
:1046C0000D4B1C8250111D72521108280C4E0D4FBB
:1046D0001C8250111D7252110F28073C0C4E0D4FB9
:1046E0001C8250111D725211052C0C4A0D4B0C8E60
:1046F0000D7F0228084309430C480D493C80018086
:104700000D7314280E4A0F4B3E5000800F63824EEB
:104710005011824F52113850008039638248AE11D7
:104720008249B0113840008009430A3C9252AE11D0
:1047300050119262B01152118243AE118243B011F6
:104740000B4A0A48B012EA430E4F0E8B0E98042C07
:104750000A8E3A900300042CB012EA432F53013C16
:104760000F5A824F96013F4086019FC30000BFD081
:1047700010000000384139413A413B4130410B12B1
:104780004B4F92432411C2438811B0120046B0121D
:104790004C40C24B1611B01260406F42B012224220
:1047A0003B4130410B120B4FCF432D003F502E00A9
:1047B000CF430300CF430200CF4301003C400080C1
:1047C0000D430E4C8E107EF3CB4E2E003B413041FC
:1047D0000B120A120912B0124C40494FB012144881
:1047E0000C4E3A404600B012D29B0F4E3F500B0089
:1047F000824F08131A4208130B43B012FE430C4AAF
:104800000D4BB01258464F49B012604039413A4101
:104810003B4130410B120A121C42BC111D42BE1119
:104820000E430F4303120312031230124E83B012D1
:10483000EE9B31520A4C0B4D12C30B100A100C4E5A
:104840000D4F0E430F430C5A0D6B0E4C0F4D0EF3D4
:104850003FF000800FDE0F9304243DF0FF7F1C53D8
:104860000D63824CBC11824DBE110E4C0F4D3A416E
:104870003B4130410B127F400300B01292484B4F36
:104880004F9304247F400300B0121A4A4F4B3B4120
:1048900030410B120A1209124A4FB0124C404B4FD2
:1048A0005E434F43B01220494F9306244F4BB01242
:1048B00060403F400500303C4F43B01256494F9393
:1048C0000424C24A1B114943233C4943C2931E118D
:1048D0001120E2431E11C2498012B0126C49C299E4
:1048E0001F1106203F400211B0129C490F43033CA8
:1048F000C2431E111F431FF3494F4F930320C24A67
:104900001B11063CB0124C40C2437A12B0126040F8
:104910004F4BB01260404F4939413A413B41304121
:104920000B120A1209124A4F4B4E5943B0124C4017
:104930004E4F4B9304244F4ACF937A1204204F4A90
:10494000CF4B7A1249434F4EB01260404F49394124
:104950003A413B413041C29F1F110620F2900300B3
:104960001E1102201F4330410F433041D2931F11CB
:104970001320D2931E1105207F400900B01222425D
:10498000093CE2931E110820D24280121F11F2400E
:1049900003001E110F4330411F4330410B120B4FD8
:1049A000B0124C404D4FD2437000F2F0DAFF70006D
:1049B000D2437000F2F03F0004003E401B00FEF0C6
:1049C000EFFF0000FEF0DFFF00005F4B02007FD032
:1049D0000500C24F7000D24B030071002F4BC24F35
:1049E00074008F107FF3C24F7500C2437300EED383
:1049F0000000EED20000FED20000F2D04000040021
:104A0000D2C37000F2F03F000200F2F03F0000005D
:104A10004F4DB01260403B4130410B120A124B4FD8
:104A2000B0124C404A4F5E434F43B01220494F935F
:104A30001020C24B1B114F43B01256494F9305240F
:104A40007F400700B01222420D3C4F43B012766AFD
:104A5000093C4E4B1F430E9303240F5F1E83FD231F
:104A6000C2DF1A114F4AB01260400F433A413B4136
:104A700030410B120A125B43B0124C404A4FB292C3
:104A800024111A207F400900B012244B7F400300FC
:104A9000B0127045B012624592432411B0124C40DE
:104AA000F24003001611B01260406F42B012224271
:104AB0004F4AB0126040333CB0128244C2930C1390
:104AC00003247F400500013C6F42B012244B7FF26B
:104AD00006204F43B012244B7FF201244B434B93EB
:104AE00003243F400300023C3F400500824F241155
:104AF000B01262454F4AB01260404B930924C24342
:104B000054117F400300B0127045B012D047073CEB
:104B1000B012FE433C4040010D43B01258463A41AA
:104B20003B4130410B120A124A4FB0124C404B4FDE
:104B30004E434F43B0120E454F9305244F4BB012D6
:104B400060400F43073C4F4BB01260404F4AB012D9
:104B50003A457FF33A413B413041B0124C40F2F0CC
:104B6000BFFF1D00B01260403041B0124C40F2D087
:104B700040001D00B012604030410F120E120D12A5
:104B80000C121F421E0112C34F10B0121A413C41B9
:104B90003D413E413F41B1C0F000000000133140B3
:104BA000FE38B0124C404A4F3D4014003E40FF00DA
:104BB0003F408A11B012429BF243F312F2430B13AF
:104BC000A242600182432E01A242800182431E0163
:104BD000B24020026001B24020018001F24084FF17
:104BE0005700C2435800B24000408201B0126675BF
:104BF0005F4257007FF007007FD080FFC24F570011
:104C0000E2425800E2C3000082437001B240020257
:104C1000600182439001B240020180011F426001A5
:104C20003FF0CFFF3FD02000824F60011F42800144
:104C30003FF0CFFF3FD02000824F8001B01282654D
:104C40003F403200FFD010000000FFD020000000E5
:104C5000FFD040000000B012F04DB012004EB01274
:104C6000104EB012204E4F93FC23B243FA12F2437F
:104C7000B2110D433C405C110F4D0F5F0F5F0E4FA3
:104C80000E5CBE430000CF435E111D532D92F43BDA
:104C9000B0121448C24E84121F4200111F53824F9B
:104CA000BC118243BE11B240AE124E11F2F0EFFFC2
:104CB00022003F401E00EFD20000EFC300003F4043
:104CC0008601BFF0EFFF0000BF4000400000F2434C
:104CD000CA110F43CF437A121F532F92FB2B3F4031
:104CE0001E00EFD20000FFD040000000FFD02000E7
:104CF0000000B012B65A824FD011D2422211B61122
:104D0000C243B711F2401F007812F2401A0081121C
:104D1000D243A311C243FE12D243B911C2437F1240
:104D20003F408201BFF0EFFF0000BF4000400000A5
:104D3000B012204E4F93FC234F4AB012604032D243
:104D4000B0129260B0124C404A4F163CC29306110A
:104D50000824B012D2756E426F92012C4E4FC24E93
:104D600007115F4207110F5F1F4F40403FD2814F35
:104D7000000022D132C20343F293F31210245E42A8
:104D8000F3125F42F312D24F8A11F312F293F3122D
:104D90000220F2430B134F4EFF438A11023C3F4067
:104DA000FF004B4F7F93D2274F4AB01260404F4BCA
:104DB000B0125C4EC73F21533040B29B0D4F5E4254
:104DC00057007EF0F8FF8F107FF007004EDFC24ED5
:104DD0005700C24D560030414F930324E2D31900CF
:104DE000023CE2C31900F2D21900F2C219003041AC
:104DF000B0124C40F2D010003100B012604030418F
:104E0000B0124C40F2D020003100B012604030416E
:104E1000B0124C40F2D040003100B012604030413E
:104E2000F293F31210245E42F3125F42F312D24F58
:104E30008A11F312F293F3120220F2430B134F4E36
:104E4000FF438A11023C3F40FF007F9302200F4343
:104E50003041B0125C4E1F43304130410B120A12F8
:104E600009120812071221834E4F7FF33F9014005E
:104E70000228304054540F5F104F7C4EA44EE24E37
:104E8000EA4EBE4FC84F6E50765080502A51505156
:104E900082515052725278528E52EC520C53285317
:104EA0001C542254C293A1111620B0124C401A4235
:104EB000CC111B42CE111A52C6111B62C811B0127E
:104EC0006040C243A1111C428A121D428C120E4A3C
:104ED0000F4BB012F262B0127443B012FC6030405B
:104EE0005A54B012FC6630405A54B0124C404B4FEA
:104EF0005F43B012484492432411C2432611C24377
:104F00008811C243A2114F4BB0126040B0124C4006
:104F10004B4FB012845F92439E11C243B411D2C36F
:104F20002500D2C32300D2D32400D2D325004F4B77
:104F3000B0126040B0124669B0127069B0124C40B5
:104F4000E2437B12B012604082430013824302139B
:104F500092420013041392420213061382432A1250
:104F6000B240C8422C12924200132E1292420213F7
:104F7000301292422A12A61192422C12A811924289
:104F80002A12AA1192422C12AC11924200133C1226
:104F9000924202133E1292422A12401292422C1264
:104FA00042123D4088130E434F43B01266603D40AD
:104FB000E8030E435F43B012666030405A54B012AB
:104FC0004C40C2437B12AD3DB0124C405A421611C8
:104FD000B01260407E4003005F43B0120E454F9315
:104FE0002A24B0124C404B4F82432411B2F0EFFF01
:104FF0008601B2F0EFFF8401E2C31F007F4003008F
:10500000B0127045B01262454F4BB0126040B01202
:10501000347282431811B0125A4BB0124C40F2F065
:10502000DFFF1D00B0126040B0126A4B7F400300EA
:10503000B0122242063CB0124C40E2437B12B01246
:1050400060401B42DC11B012CE5C0F4BB0123E5DD3
:105050007F903F00022430405A54F24328115F4BA6
:105060000B004D4A0E4BB012165D30405A54B01230
:10507000986830405A54B0124C40C2430A13513D14
:10508000B0124C405B421B11B01260407BF32B937B
:1050900032243B90030006340B930B241B930F2404
:1050A00030405A543B9003003A242B923B2430402A
:1050B0005A54B0128244B012D46830405A54B012DC
:1050C00082447F400600B012244BB0129C5FB012A5
:1050D000CC5FB0122260B0126245B01282447F40B1
:1050E0000300B012244BB01262455F43B01270450A
:1050F0007F400600AC3D81430000B01282440E4167
:105100007F401300B0129469B01262456F43B01231
:105110007045B1507F000000C14301009E3DB012B8
:105120003C6E9B3DB0129E5E983DB0124C404B4F82
:105130001A42C4111E4232121D42F8125F42D211AD
:105140000F9304204C430F4AB012145F4F4BE93CBD
:10515000B0124C40D24280121F11F24003001E11C7
:10516000B01260405F421F110F9304203F400211B4
:10517000B0129C495F421F110F936F217F400700BF
:10518000663D1E424E11694E4F490F5E6D4F4D5D9B
:105190004D434D6DCE4D2B006D4F7DF07F00CE4DBC
:1051A0002900DE4FFFFF28001A424E11B01284681A
:1051B0004F9302201F43193C0743084A385006000A
:1051C0005F4801008F105E4A06000B4F0BDEB012E5
:1051D0002A5D0B9F08245F4801008F105E4A06007D
:1051E0000FDE3F93012017430F474F9328247990F8
:1051F0000D0025281B424E11074B37500C00484923
:105200007850F3FF5F4B09008F105E4B08000A4F88
:105210000ADE5F4B0300494F4E4F0F4AB012F6763D
:105220004F9302240F4B093C4E490F4AB012387776
:105230004D480E470F4BB0125872824F4E11B012AC
:105240004C40C243B411B0126040B012025E053D42
:10525000D2922811C0110125D242C01128115F42FB
:10526000C0110F930320B012DC5CF73CF24328110D
:10527000F43CB0126073F13C5F422E110F5F5D434E
:105280001E4FDE115F422E11B0123859E63CC29318
:105290003011E324E2C32812B01236577FF30B4FCC
:1052A0008B10B01236577FF30BDFB0123657B012A7
:1052B0008C571F425A113F90030004243F90050071
:1052C0000C24CB3CC24330115F42FF120F93C52028
:1052D0000E4B4F43B0123058C03CC24330110D4BFF
:1052E0004E435F42FF12B0128C77B73C1F425A11F7
:1052F0003F90060006243F900700AF20C2433011C4
:10530000AC3CC2433011C2433211A73CD293381196
:105310000220B0126854B0124C40C2433811C2434C
:105320003711B0126040993CB0124C40D242B811D3
:105330003611F24003003511B01260405F42361161
:105340000F9303241F931C24883C4F43B012047412
:105350004F9383244F43B0129E573C400AD73D40A1
:10536000233C0E430F43B0127E903C4066663D40A6
:105370001EC2B012E28FB012828D824E86126D3C38
:105380005F43B012D8734F9368245F43B0129E57A7
:1053900009433C40BD523D40163D0E430F43B01201
:1053A0007E903C40C5FE3D4002C0B012E28F074EE9
:1053B000084F0E490F4E0F5F0F7F3FE3B012E2958B
:1053C000099305340C433D408047B012E28F3C40C6
:1053D000F6243D40D6B5B0127E900A4E0B4F0E49D2
:1053E0000F4E0F5F0F7F3FE3B012E2950993053434
:1053F0000C433D408047B012E28F0C4E0D4F0E4AD9
:105400000F4BB0127E900C4E0D4F0E470F48B0124E
:10541000E28FB0127496824ED8111F3CB0126854BD
:105420001C3CB0124C40F2F0BFFF2200B0126040B2
:10543000B0120C55B0121C55B0122C55B0124C4085
:10544000F2F07F002100B01260407F401000B012E7
:105450002242033C4F4EB0125A4E2153374138413D
:1054600039413A413B413041B0124C40F2D080FFCB
:105470002200B0126040B0124C40F2D080FF2100F8
:10548000B0126040B01274435312031230120B007A
:105490000D4E0E4F7F400500B012A454315006004F
:1054A0000F4330410B120A120912081207123C4036
:1054B0000C000C514B4F094D0A4E374C384C2C8286
:1054C0005D4C04007FF30F5F0F5F4E4B0E5E0F5E6F
:1054D0000F5E0F5E0E4F3E50E4118F49E4118F4A6C
:1054E000E6118E4704008E4806004F4D5FF3DEC381
:1054F0000800CEDF0800EED308005F43B01222425E
:105500003741384139413A413B413041B0124C407A
:10551000F2F0BFFF2100B01260403041B0124C40A9
:10552000F2F0DFFF2200B01260403041B0124C4078
:10553000F2F0DFFF2100B012604030410B12B012D8
:105540004C40F2D040002200B0126040B0120C5526
:10555000B0121C55B0124256B0125256B0126A56D2
:10556000B0124256B0120C554B43B0127A56B012DC
:105570000C555B537B900900F82BB0126A56B012A1
:105580004256B0120C55B0127A56B0122C55B012C9
:105590000C55B0127A56B0124256B0120C55B2F0F9
:1055A0001F005A115F425A11B0128A56B012B656F5
:1055B0004F930424C24330111F43413C1F425A11F0
:1055C0003F90060029243F900700072C3F900300DE
:1055D0000E243F9005000B24313C3F9007000F2420
:1055E0003F901E002B203E400B000F43053CB012A5
:1055F0000C573E40FA000F43B012E4561F3CB01265
:1056000036574B4FB0123657B0128C57C24B311130
:105610007F400F00B01222425F428812B0128A56B9
:10562000B012B6564F930324D2433211033CD242F8
:10563000881231117F400F00B01222420F433B41CC
:105640003041B0124C40F2D020002100B012604036
:105650003041B0124C40F2F0DFFF2500F2F0DFFFE6
:105660002300B01260400F433041B0124C40F2D0E2
:1056700020002200B01260403041B0124C40F2D005
:1056800040002100B012604030410B120A124B4F13
:105690004A434B930334B0124256023CB0122C558D
:1056A0004B5BB0127A56B0120C555A537A92F12BCA
:1056B0003A413B413041B0121C55B0124256B01233
:1056C0007A560E435F4220007FF0200001241E43E3
:1056D0004F4E1FF34F9302241F433041B0120C551D
:1056E0000F4330410B120A120A4E0B4FB012744393
:1056F00053120B120A120D4E0E4F7F400600B012CD
:10570000A454315006003A413B4130410B12B012D3
:105710001C55B0124256B0124C404B4FB01252566C
:10572000F2D020002400F2D0200025004F4BB01210
:1057300060403B4130410B120A124A434B43B012C6
:105740007A560E435F4220007FF0200001241E4362
:105750004F4E1FF34F9301245AD37B90070001242F
:105760004A5AB0120C555B537B92E92BB0126A5621
:10577000B0122C55B0127A56B0120C55B0121C55FE
:10578000B01242564F4A3A413B413041B0126A563C
:10579000B0124256B0127A56B0120C5530410B126C
:1057A0000A124B4FB0124C404A4FF2900300351191
:1057B0003820C29B361135204F43F293331101201C
:1057C0005F431FF34F931E20F293331110245E4268
:1057D00033115F423311D24FFA123311F293331166
:1057E0000220F24334114F4EFF43FA12023C3F4075
:1057F000FF00C24FB811F2433611D24335117F403A
:105800001100083CE2433611C2433511D24337112F
:105810007F401300B01222424F4AB01260400F4343
:10582000043C4F4AB01260401F433A413B41304173
:105830000B120B4E4F43B0129E570E4B0F4E0F5F85
:105840000F7F3FE3B012E2950B9305340C433D40CC
:105850008047B012E28F3C400AD73D40233CB01253
:105860007E903C4066663D401EC2B012E28FB01290
:10587000828D824E86123B4130410B120A12091270
:10588000081207120B4E5F43B0129E570E4B0F4E7D
:105890000F5F0F7F3FE3B012E2950B9305340C438B
:1058A0003D408047B012E28F3C40BD523D40163D26
:1058B000B0127E903C40C5FE3D4002C0B012E28F67
:1058C000074E084F0E4B0F4E0F5F0F7F3FE3B01296
:1058D000E2950B9305340C433D408047B012E28FB4
:1058E0003C40F6243D40D6B5B0127E90094E0A4F9A
:1058F0000E4B0F4E0F5F0F7F3FE3B012E2950B93FD
:1059000005340C433D408047B012E28F0C4E0D4FE2
:105910000E490F4AB0127E900C4E0D4F0E470F48A5
:10592000B012E28FB0127496824ED81137413841CE
:1059300039413A413B4130410B120A120912081217
:10594000494F084E7FF30F5F8F43DE11C2432E1184
:105950004D433C40DE115F422E110F5F0F5C8F9371
:10596000000013245E422E114F4E12C34F104F11F0
:105970004F117FF35F4FFC123EF007000E9303249C
:105980000F111E83FD231FF30524C2432E115D5307
:10599000E227023C4D930224D2432E11C2932E11D2
:1059A00017201B42DE115A4B0B000F4BB012EA5965
:1059B0000E4F6F4B7F50F3FF7FF34C4F0D4B4F4A11
:1059C000B012FA594F9304247F400D00B0122242C6
:1059D0004F490F930520389044120220C24308110A
:1059E000384139413A413B4130410E4F5F4F07004A
:1059F0008F105E4E06000FDE30410B120A120912A4
:105A000008120712074D484C7C901D0002282F43B6
:105A10004C3CCD4F0B00CD4E06000F4E8F10CD4F9E
:105A200007000A4D2A52B0124C401B42B611B01268
:105A30006040C74B04000F4B8F10CA4F01000B474B
:105A40003B52B012B65AC74F08008F10CB4F01001F
:105A5000C293281103203F400900033CC243281190
:105A60000F434F930E207E403F000F47B012E45A81
:105A70004E480F47B012EC5A4F931624F2432811A8
:105A8000133CC248DA11C243DB1182472C117F401C
:105A90000B00B0122242C293281103203F4009009C
:105AA000033CC243C0110F437FF3374138413941B2
:105AB0003A413B4130410B12B0124C401B42201185
:105AC000B01260400F4B3B4130410B12B0124C40C2
:105AD0004B43F293291101205B43B01260404F4BBE
:105AE0003B4130410D4FCD4E0A0030410B120A129E
:105AF0000B4F4A4E5E436F43B01220494F93122022
:105B00005F428412D2538412CB4F03004E4A0F4B94
:105B1000B012B4677FF34B4F4F930224B012CE5CA8
:105B20004F4B023C3F4005003A413B4130410B1294
:105B30000A1209121A42BA115B4A2A004B93022038
:105B40007B401F00B0128244C29BA2110A240F4B5B
:105B50003FF01F003FD0E0800E4F7F401500B01295
:105B6000B05BC24BA211094A6A4A7A53B0124C4048
:105B70004B4F4E434F43B0120E454F9304244F4BAF
:105B8000B0126040113C4F4BB0126040B2403E003A
:105B9000D4115F42D411B0123A454F4A0C4F0D4315
:105BA0000E494F43B012FC5B39413A413B41304111
:105BB0000B120A1209124A4F094EB0124C404B4FB9
:105BC0004E434F43B0120E454F9305244F4BB01236
:105BD00060400F430F3C4F4BB01260404F4AB01231
:105BE0003A450F498F107FF3B0123A454F49B01232
:105BF0003A457FF339413A413B413041C24FD211DE
:105C0000824EC411824D3212824CF8128243F41239
:105C10000C930D24B0124C40F2F0BFFF0200F2D002
:105C200040000000B0126040B012385C033C7F427C
:105C3000B01222420F433041B0124C404C4F82937D
:105C4000C41106241F42C4111F52F4126F4F013CAD
:105C50004F43C24F77005E42F4126E534F4E829F05
:105C6000F812022C5E42F8129253F4124F4E829FA9
:105C7000F412292C0D4F5F4202007FF040000224F5
:105C80001F43013C0F437FF34F93F5275F4276009C
:105C90004E4F8293321206241F4232121F52F412C8
:105CA000CF4EFFFF8293C41106241F42C4111F521E
:105CB000F4126F4F013C4F43C24F77009253F412DE
:105CC000829DF412D82B4F4CB01260403041B0127C
:105CD0004C40C2437C12B012604030410B120A1299
:105CE0001A422C115B42DA117E403F000F4AB0127B
:105CF000E45A4E4B0F4AB012EC5A4D4F4D930824C4
:105D0000F24328115F4A0B001E422C11B012165D9F
:105D10003A413B413041C2932E110620829EDE1152
:105D200003204F43B012385930410B12B0124C408F
:105D30001B42D011B01260400F4B3B4130415F4FCE
:105D40000A0030410D4F7E901D00042C0F4D3F5036
:105D50000C0030410F4330410B120A120B4E0A4D1A
:105D60001F930320B012AA5D023CB012F04D1B93AA
:105D70000320B012BA5D023CB012004E1A93032009
:105D8000B012CA5D023CB012104EB01274435312EE
:105D90000312301264000D4E0E4F6F43B012A45424
:105DA000315006003A413B413041B0124C40F2F0D4
:105DB000EFFF3100B01260403041B0124C40F2F0C1
:105DC000DFFF3100B01260403041B0124C40F2F0C1
:105DD000BFFF3100B012604030410B120A120A4E70
:105DE0000B4FB012744353120B120A120D4E0E4F8A
:105DF0007F400300B012A454315006003A413B41A9
:105E000030410B12B0124C404B4F82939E1127240D
:105E1000C243B411C293A4110A240E435F4220006E
:105E20007FF201241E434F4E1FF34F930C200E436D
:105E30005F4220005FF37FF34F9301241E434F4ED8
:105E40001FF34F930820C293A4110224F253A4110C
:105E5000B0126E5E073C92439E11C243A4116F4282
:105E6000B01270454F4BB01260403B413041A243ED
:105E70009E11D243B4114F43E2921B1101205F43A4
:105E80001FF34F9305206F42B01292484F930320A7
:105E9000B0129E5E30416F42B0121A4A3041B012C9
:105EA00082445D431E424E117F403F00B012B25EFD
:105EB00030410B120A12091208124A4F084E494D7E
:105EC000B0124C404B4F4E434F43B0120E454F93D0
:105ED00005244F4BB01260400F43173C4F4BB0129C
:105EE00060404F4A7FD04000C24FD411C243D51109
:105EF0005F42D411B0123A454B4F4F490C4F0D48F9
:105F00000E434F43B012FC5B4F4B384139413A418D
:105F10003B4130410B120B4F1F42D4113FF0400068
:105F200011240B4E4E4D5F42D4113FF0BF003F9005
:105F30003E0012243F903F000F204D4C0F4BB012FB
:105F4000426F0A3C4E4D5F42D4113F903E00042008
:105F50004D4C0F4BB012B46E3B413041B012845FD8
:105F6000B0126245B01282447F42B012244B7F428D
:105F7000B012244BB01262456F42B0127045B0129D
:105F8000025E3041F24080FF7F11C243B411C24330
:105F9000F612C243F212C243A41130410B12B012E6
:105FA0004C405B428112B01260404F4B0F5F4E4B32
:105FB0000F5E0F5E0F5E3F502E013FD000400E4F30
:105FC0007F401800B012B05B3B4130410B12B01261
:105FD0004C404B4F0E43C293A3110424C293FE12B4
:105FE00001241E430F4E7FF38F100F5F0F5F0E4F84
:105FF0000E5E0F43C293B9110424C2937F12012491
:106000001F430F5F0F5F0F5F0F5F0EDF3ED0E22277
:106010007F401100B012B05B4F4BB01260403B416B
:1060200030410B122182B0124C404D4F1F42B6112D
:10603000C14F00008F10C14F01000E412E531F426F
:10604000D011CE4F00008F10CE4F01004F4DB01237
:1060500060406C420D414E433F406801B012904495
:1060600021523B4130410B120A120912494F0A4D8D
:106070000B4EB012744343120B120A120D4E0E4F08
:106080004F49B012A4543150060039413A413B41C6
:1060900030415E435F43B01220494F931B20B01242
:1060A0004C40829318110324B0126040223C92436A
:1060B0001811B0126040B0124C40F2D020001D0008
:1060C000B0126040B012FE433C4014000D43B012C9
:1060D00058460F3C6E435F43B0120E454F93032466
:1060E0003F40090030415E435F43B0120E454F937D
:1060F00002240F4330413F40050030410B120A1289
:10610000091208120712094E0A4F4B434D4B0D5D01
:106110000D5D4F4B0F5F0D5F0D5F0D5F0E4D3E50E0
:10612000E4115F4E08006FF387240749084A178D72
:10613000E411187DE6110C470D481C8E04001D7EED
:1061400006007A285F4E08005FF30324EEC30800C0
:10615000063C9E5E040000009E6E060002004F4B4F
:106160002F9357243F90030005340F9311241F935E
:106170004D24663C3F90050055243F9006000434B2
:106180003F9003004C245C3C3F9006005224583C56
:10619000C293081155203A4044127E4011000F4A24
:1061A000B012445D0B4F0F934B241F420011CB4F95
:1061B00001008F10CB4F00001F420011CB4F030096
:1061C0008F10CB4F0200CB430800CB430500CB43DD
:1061D0000400FB4003000900CB430B00CB430A0043
:1061E000B0122E9BC24F7E11CB4F10000D430E43B9
:1061F0001F43B012585D7D4011000E4A3F43B0125C
:10620000D8624F931D20D24308111A3CB012426647
:10621000173C0D430E430F43B012585D113CB012B2
:10622000F8650E3CB012CA744F930A24B0128474FD
:10623000073CB0123074043C5B537B900700662B24
:106240005F43B01222423741384139413A413B4124
:1062500030410B124B4FB0124C404D4FC293351191
:106260002824C29BB8110320B0126040323C4E4B30
:106270004C434F4BFF93FA120320C29B3411012071
:106280005C434F4C3C4005004F930D20F29333117B
:106290000320C24E3311043C5F423411CF4EFA1238
:1062A000C24E34110C434B4C4F4DB01260404F4B1B
:1062B000113CD2433511C24BB811B0126040C293A9
:1062C000371105207F401200B0122242023CD24317
:1062D00038110F433B413041CE4F06008F10CE4F57
:1062E0000700FE4006000B004F43B012E2727FF33E
:1062F00030410B120A120912081207120A4E0B4FF4
:10630000084C094DB0124C40474F824ACC11824B89
:10631000CE118248C6118249C811B01276424F4749
:10632000B01260403741384139413A413B41304138
:106330000F120E120D120C1221835F4223005FF226
:1063400025007FF3814F00002F411FF30D24D2C39E
:10635000230092939E110520A2439E11B0126E5EFF
:106360004D3CD253A4114A3C2F412FF30324E2C3E6
:106370002300443C2F412FF20324E2C223003E3C81
:106380002F413FF20324F2C22300383C2F413FF05B
:1063900010001824F2F0EFFF2300A2421811F2F0CF
:1063A000EFFF2500F2F0EFFF23000E437F401D00BA
:1063B000B012B05BB0122260B0126245B0128244DB
:1063C0006F430B3C2F413FF020000A24F2F0DFFF27
:1063D0002300B01252567F400E00B01222420E3CF3
:1063E0002F413FF040000424F2F0BFFF2300063CA1
:1063F0002F414F930334F2F07F00230021533C419F
:106400003D413E413F41B1C0F000000000130F127A
:1064100021835F422B005FF22D007FF3814F00004C
:106420002F411FF30324D2C32B00303C2F412FF305
:106430000324E2C32B002A3C2F412FF20324E2C2A3
:106440002B00243C2F413FF20324F2C22B001E3CC0
:106450002F413FF010000424F2F0EFFF2B00163C18
:106460002F413FF020000424F2F0DFFF2B000E3C10
:106470002F413FF040000424F2F0BFFF2B00063C08
:106480002F414F930334F2F07F002B0021533F4103
:10649000B1C0F000000000130F120E120D120C120A
:1064A0000B125B427600B0120C654F932624B0129B
:1064B0001A657FF30F9321208293321206241F4224
:1064C00032121F52F412CF4BFFFF9292F812F412C5
:1064D000032CB012385C113CF2F0BFFF00001B42ED
:1064E000C4111E4232121D42F8125F42D2110F93A4
:1064F00004204C430F4BB012145F3B413C413D41E3
:106500003E413F41B1C0F00000000013C2931E1194
:1065100002200F4330411F433041F29003001E110F
:1065200003243F40FF0030415F421F1130410F12F2
:106530000E120D120C124E435F4270007FF02000CD
:1065400009245F4270006FF205245F4270005FF320
:1065500001245E430F4E1FF34F930524B0120C65C8
:106560004F930724043CB0120C654F930224B012E1
:106570001A653C413D413E413F41B1C0F000000041
:106580000013C2432600C2432E00C2431B00C24375
:106590001F00C2433300C2433700C2432100F24010
:1065A000E0FF2200F24030002900F2407B002A0088
:1065B000C2431900F240F1FF1A00F240DDFF1D0056
:1065C000F240FDFF1E00F2433100F2433200C243AD
:1065D0003500F2433600C2432500C2432D003D4042
:1065E00000281E4270011F4270010F8E0D9FFB2F6D
:1065F000B012F8740F433041C29315110924B01240
:10660000F04DB012004EB012104EC24315110A3CAC
:10661000B012AA5DB012BA5DB012CA5DD2431511B4
:10662000D2531411F2900A0014110528E2C30A1281
:10663000C243141130413E40F4010F43B012DA5D01
:1066400030410B120A123A4044127E4011000F4AA8
:10665000B012445D0B4F1D430E430F43B012585D03
:106660005F43B01252624F43B01252621F42001198
:10667000CB4F01008F10CB4F00001F420011CB4FBA
:1066800003008F10CB4F0200CB430800DB43050013
:10669000CB430400DB4309001E4234121F42361272
:1066A000B0127496CB4E0E001E4238121F423A12A0
:1066B000B0127496CB4E0F001F428612CB4F0B00C8
:1066C0008F10CB4F0A001F420A11CB4F07008F10CB
:1066D000CB4F06001F42D811CB4F0D008F10CB4F70
:1066E0000C007D4011000E4A3F43B012D8624F9318
:1066F0000220D24308113A413B4130410B120A12A9
:10670000091208120712061205120412B01274437D
:10671000094E0A4F37433840FF7F4643B2F0EFFF40
:1067200082014B434E4B0E5E0E5E4F4B0F5F0E5F72
:106730000E5F0E5F0D4E3D50E4115F4D08006FF38C
:1067400014240449054A148EE411157EE6111C4DEB
:1067500004001D4D06000C840D750E4C0F4D0E8768
:106760000F780334074C084D56435B537B9007006A
:10677000D92B469316240E470F481E830F730534FA
:106780000E490F4AB012FC600C3C82478A128248C4
:106790008C12D243A1110C470D480E490F4AB0127A
:1067A000F2623441354136413741384139413A414D
:1067B0003B4130410B120A12091208120712094F0D
:1067C000474E0A4F3A502800B0124C40484F6E4393
:1067D0005F43B0120E454F9305204F48B012604002
:1067E0001F434A3CB0124C40E2427B12B012604060
:1067F0008249DC114F48B012604077500D00C94704
:1068000000000D491D535F4D01008F105E490100CE
:106810000FDE3FF02000C94F01008F10CD4F010067
:106820005F4D01008F105E4901000FDE3FD04188AF
:10683000C94F01008F10CD4F0100CA430400CA4365
:106840000000CA4301000F4A3F500600CF43030037
:10685000CF430200CF4301003C4000800D430E4C6B
:106860008E107EF3CA4E0600D2437E125E431F4254
:10687000DC11B01298760F433741384139413A4123
:106880003B4130410B12B0124C405B42A311B0129D
:1068900060404F4B3B4130410B12B0124C404B4FCC
:1068A000C2930A130424B01260401F43113CD24328
:1068B0000A13A292181104205F43B0121A4A043C32
:1068C0007F400600B01222424F4BB01260400F438F
:1068D0003B4130410B12B0124C404B4FA293181168
:1068E0000424B01260401F432C3CB2400300181136
:1068F0003E4018007F401D00B012B05BF2F0EFFF89
:106900002500F2F0EFFF2300F2F0EFFF2400F2D0B9
:10691000100025005F43B012244B3E407F027F40B1
:106920001C00B012B05BB0129C5FB012CC5F3E4056
:10693000562A7F401700B012B05B4F4BB012604038
:106940000F433B4130410B12B0124C404B4FA292CF
:1069500018110424B01260401F43083C7F4003001C
:10696000B012244B4F4BB01260400F433B413041BB
:106970000B120A12B0124C404A4FB01262454F43FC
:10698000B01270454B4F4F4AB01260404F4B3A41E6
:106990003B4130410B120A120912494F0A4EB01204
:1069A0004C404B4F4E434F43B0120E454F9305247E
:1069B0004F4BB01260400F43173C4F4BB01260403A
:1069C0004F497FD04000B0123A454B4F4F43B01271
:1069D0003A457FF38F108A4F00004F43B0123A457B
:1069E0007FF38ADF00004F4B39413A413B41304150
:1069F0000B124B4FF29003001E113A20C29F1F1141
:106A000037204F43F2931C1101205F431FF34F9334
:106A10002020F2931C1110245E421C115F421C11B5
:106A2000D24FCA111C11F2931C110220F2431D1106
:106A30004F4EFF43CA11023C3F40FF00C24F80123D
:106A4000F2431F11D2431E117F400900B0122242AF
:106A5000043CD2431F11C2431E114F4B0F9306201B
:106A6000D2437000B0124046D2C370000F43013CC5
:106A70001F433B4130414E4FC2931E112324C29FFE
:106A8000801226244D4F4C437FF3FF93CA110320FD
:106A9000C29E1D1101205C434F4C3E4005004F93A8
:106AA0000D20F2931C110320C24D1C11043C5F42C7
:106AB0001D11CF4DCA11C24D1D110E434F4E3FF057
:106AC00005003041D2431E11C24F8012B0126C49F2
:106AD0000F4330410B120A12091208120712061254
:106AE0000512041221828143000081430200054FF8
:106AF0004443B012FE430D4E0D850C4D0D43084E20
:106B0000094F088C097D1F4224113F900500042481
:106B10003F900600BF24E63CB24006002411D24359
:106B2000B311C24326116F43B01248441A42BA113E
:106B30000B4A3B502E00CB4803000E480F498E10E5
:106B40008F104EEF0EEF7FF3CB4E02000C490D433A
:106B5000CB4C01000E4C8E107EF3CA4E2E001F420D
:106B6000BA11CF932D0078246F4F7F50FBFF4A4F0F
:106B70004F4A7FF30B4F1B52BA116E4B0F430F4E10
:106B80000E437FF38F10574B010006430ED60FD7ED
:106B90005C4B02000D434DEC0DEC8D107CF38C1022
:106BA0000EDC0FDD5C4B03000D430EDC0FDD0E88A9
:106BB0000F79CB4E03000C4E0D4F8C108D104CED09
:106BC0000CED7DF3CB4C02000C4F0D43CB4C010080
:106BD0000E4C8E107EF3CB4E0000B01282446C42FD
:106BE0000D4B4E4A0F43B0129044B01262456E4BAB
:106BF0000F430F4E0E437FF38F10D14B0100020065
:106C0000C1430300814300002ED11FD102005C4B21
:106C100002000D434DEC0DEC8D107CF38C100EDC5E
:106C20000FDD5C4B03000D430EDC0FDD0E580F69CA
:106C3000CB4E03000C4E0D4F8C108D104CED0CED17
:106C40007DF3CB4C02000C4F0D43CB4C01000E4C9E
:106C50008E107EF3CB4E00001E42BA115F4E020032
:106C60008F105E4E01000FDE3FF020000224D24361
:106C700088117F400300B0127045B2F0EFFF86012B
:106C80000E435F421C006FF301241E434F4E1FF35F
:106C90004F938320C243B3115F43B01248441E4256
:106CA000BA115F4E02008F105E4E01000FDE3FF002
:106CB00020000B24B24007002411B012FE433C40D8
:106CC00000010D43B0125846033C4F43B0127E47BB
:106CD0000E435F421C006FF301241E434F4E1FF30F
:106CE0004F935B24C29326113A20C293B3113720ED
:106CF000D243B3116F43B01248440E435F421C00AD
:106D00006FF301241E43444E0B480C49F292F212D9
:106D1000182C5E42F6125F42F2120E5F0F4E3EB02A
:106D2000008002343F5007003FF0F8034E8F4F4E73
:106D30007FF30F5F0F5F8F4B8E128F4C9012D253E9
:106D4000F212D24326118245D6110E435F421C0037
:106D50006FF301241E434F4E1FF34F931E20D29317
:106D6000B3111B20C243B3115F43B0124844C24366
:106D70002611449312200F451F82D6113F900A001E
:106D80000C2CC293F2120224F253F2128293BA1123
:106D900004241F42BA11B012A44721523441354194
:106DA00036413741384139413A413B4130411F4238
:106DB00024113F90050032243F900600062C3F909E
:106DC000030009242F921F2430413F900700222402
:106DD0003F92192430410E435F4220007FF01000A3
:106DE00001241E434F4E1FF34F930A24A242241145
:106DF000B012FE433C4007000D43B01258463041EC
:106E0000B012D0473041B01274484F931620B012E0
:106E1000724A30414F43B0127E4730417F400900F3
:106E2000B012244B5F43B01248447F400300B012BD
:106E300070457F400700B0127E4730410B12B01200
:106E40004C405B422411B01260407BF32B920C2427
:106E50003B90050003342B930424263C3B920724EB
:106E6000233CB0122E5B243CB012724A213CB0127B
:106E700082447F400900B012244BB01262457F402B
:106E80000300B0127045B0124C4092432411B0126E
:106E90006040B0124C40F24003001611B012604046
:106EA0006F42B0122242043C7F400300B012704592
:106EB0003B4130410B120A12B0126245B2922411CA
:106EC0001920B01282447F400900B012244BB01246
:106ED00062457F400300B012704592432411B01206
:106EE0004C40F24003001611B01260406F42B012E5
:106EF0002242243CC2930C130520A2422411B0125A
:106F0000724A1C3C7F400300B0127045B24003003F
:106F10002411B01214480C4E3A403601B012D29BE4
:106F20000F4E3F500B00824F6C111A426C110B43F5
:106F3000B012FE430C4A0D4BB01258463A413B4149
:106F400030410B120A12091208120712074F194298
:106F50004E110849E249A0111F429E113F900500C1
:106F600056243F900600032C2F930524563D3F9056
:106F70000600AA24523DB24005009E115F42A011B6
:106F80000E4F1E535F427F110F9E3E380E435F42ED
:106F900020007FF201241E434F4E1FF34F93132016
:106FA0000E435F4220005FF37FF34F9301241E43A3
:106FB0004F4E1FF34F9307205F427F115F82A01156
:106FC0007F53C24F7F11F2902A00A0111D2CC29353
:106FD000A0111224F292A01105280F481F533C4023
:106FE00007006C3CB24006009E110E481E535F42E3
:106FF000A0110C4F0D4E633CC243B411B012624558
:107000006F42B0127045063DB0125C5F0D3DB2405C
:1070100006009E11C293B9114924C2937F124620E3
:107020005F4902008F105E4901000FDE12C30F108E
:107030000F110F110F110F111FF338240A493A5085
:1070400006005F4A01008F105E4906000B4F0BDE01
:10705000B0122A5D0B9F08245F4A01008F105E4921
:1070600006000FDE3F9322205F4902008F1059492E
:1070700001000FD93FF007001F931820B01262459E
:10708000B01282447F400A00B012244BB012624515
:10709000B01282440E483E525F42A0117F50F9FF69
:1070A0004D4F7F403F00B012B25EBE3C0F483F5292
:1070B0005E42A0117E50F9FF7EF30C4E0D4F0E4341
:1070C0004F43B012FC5BB03CB0126245C293A411B6
:1070D00006206F42B0127045C293A4110A240E43D9
:1070E0005F4220007FF201241E434F4E1FF34F9357
:1070F00013200E435F4220005FF37FF34F93012480
:107100001E434F4E1FF34F930724C293F2120424E1
:10711000F2900B00A011052C1F424E11B012A44793
:107120003E3CD293F21221201A424E115F42F612D7
:107130000F5F0F5F1C4F8E121D4F90120B4A3B507A
:107140002E00CB4C03000E4C0F4D8E108F104EEFC7
:107150000EEF7FF3CB4E02000C4D0D43CB4C0100E4
:107160000E4C8E107EF3CA4E2E005D42F6120E4D6E
:107170001E530F4E3EB0008002343F5007003FF0D8
:10718000F8014E8FC24EF612F253F21208241F423B
:107190004E11B012A447C243F612C243F2125F422C
:1071A000A0110F58CF9300003534079333245F4963
:1071B00002008F105B4901004BDF7BF007001E428D
:1071C0004E116B9320208293BA111D241D42BA11D7
:1071D000B290070024111720DE9D03000300132046
:1071E000B2F0EFFF86016F4EDD432C007FF30F5EA0
:1071F000DD4FFFFF28006F4F7FF07F00CD4F29004C
:107200004F43B0127E475B9305207F400A00B012C7
:1072100022420A3CB012025E073CC243B411B012D3
:1072200062456F42B01270453741384139413A41A9
:107230003B4130410B12B0124C404B4F82439E11E8
:10724000B012845FB0126245B012EA764F4BB012B2
:1072500060400F433B4130410B120A1209120B4FA1
:10726000094E4A4DCF932B000C24B0123E5D7F9007
:107270003F0006204D4A0E490F4BB0128A72013C66
:107280000F4B39413A413B4130410B120A1209126E
:10729000081207120A4F074E484D0943B012EA5927
:1072A0000B4FB012B65A0B9F05240F4AB012EA5981
:1072B0003F930120194349930D245F4A0B003F90EF
:1072C000060006204D480E470F4AB012A277033C35
:1072D0000F4A013C0F4A3741384139413A413B415D
:1072E00030410B120A120912081207124A4F094EB6
:1072F000484D4F9302241F432D3C7FF30F5F8F9324
:10730000DE1103243F400500253C4F4A0F5F074F25
:107310003750DE11874E00004F4D7F500D00CE4F8D
:107320000000C2932E1115245B4E0B000F4EB012BD
:10733000EA59C24A2E114C480D490E4F4F4BB0121C
:10734000FA594F930424D2432E11874300007FF350
:10735000013C0F433741384139413A413B413041CB
:107360000B120A12091208120712061248435E4253
:1073700008114F48CF93FC1224245A434B430C4F1F
:10738000094F0959095909593740DE11464E4F4AEC
:107390005FFCFC1211244F4B4F594D4F0F4D0F5FA7
:1073A0000F572E4F8F430000CCCAFC120D930420C0
:1073B0003E904412012046434A5A5B537B92E72B8E
:1073C0004E465853D627C24E0811364137413841F0
:1073D00039413A413B413041C2932F1102202F42A3
:1073E0003041C293301103243F4005003041D24365
:1073F0003011B24005005A11C24FFF12B0123C5575
:107400007FF33041C2932F1102202F423041C293AB
:10741000301103243F4005003041D2433011B240C7
:1074200003005A11C24FFF12B0123C557FF3304196
:107430001F425A113F90050018243F900600042C6B
:107440003F900300072430413F901E001A20C243A2
:1074500030113041C24330115F42FF120F931120AF
:107460000E435F43B01230583041C24330115F4287
:10747000FF120F9306241F9304200E435F43B012A4
:107480007A5830410B12B0124C404B4FE2933611F8
:107490001620D293351105207F401100B0122242F0
:1074A000093CE29335110B20D242B8113611F2405B
:1074B000030035114F4BB01260400F43043C4F4B5B
:1074C000B01260401F433B4130410B12B0124C40A0
:1074D0004E4F4B43C29335110824E29336110620D8
:1074E0005F4235117F536F93012C5B434F4EB012B7
:1074F00060404F4B3B413041E2D31A00F2D21A00B8
:10750000F2D080FF1E00F2D010001E00F2D080FFEB
:107510001D00F2D010001D0003430343F2F0EFFF03
:107520001D00F2C219005F43B012D84D4F43B01294
:10753000D84D5F43B012D84D5F43B012D84D5F4372
:10754000B012D84D4F43B012D84D4F43B012D84D62
:107550005F43B012D84DF2D010001D00F2D21900D6
:10756000E2D3190030410B120A12091209433A40C2
:1075700000080F490FDA0B43B012BC4D5E431F42A7
:1075800090013F52824F920192C382011F428201B9
:107590001FF3FC270D4B1B4270014F4E7E535F9330
:1075A000EE370F4B0F8D3F900104012C09DA0A11C1
:1075B0000A93DF230F493FF0E0003F90E0000220F4
:1075C00039F0E0FF0F49B012BC4D39413A413B411F
:1075D00030417E4005001F4262013FF010000A204A
:1075E0001F4264013FF0100005201F4266013FF07A
:1075F000100007241F4260013FF000033F9000028B
:107600002B245F4204007FF0C0FF05245F4271001D
:107610007FF0200021205F4205007FF0300005242C
:107620005F4279007FF0200017205F4270005FF317
:1076300014245F4271007FF020000F245F4272002B
:107640007FF020000A245F4270006FF206245F4240
:1076500070007FF0200001246E431F42A0013FF024
:10766000100018241F42A2013FF0100006241F4200
:10767000A2013FF20E204E430D3C1F42A2013FF0FB
:10768000000408241F4260013FF000033F90000205
:1076900001206E434F4E30410B120A120A4F4B4EDF
:1076A000B0124C40B29224110520B01260403F400D
:1076B0000300183C929324110424B01260401F432D
:1076C000113CA2432411C24B0C13824ABA11C2438B
:1076D0005411B0126040B01274484F930220B0129F
:1076E0002E5B0F433A413B413041D2C32500D2C308
:1076F00023000F4330410B120A120B4F4A4EF24344
:10770000FD12B0124C400D430E4D0E5E0E5E8E9B70
:107710005C110920CE9A5E110420B01260401F4314
:10772000083CC24DFD121D532D92EE3BB01260403D
:107730000F433A413B4130410B120A120912081221
:107740000A4F494E5B42FD124843B0124C404E4F27
:107750007B930324C29B271103205B4227115843CC
:107760004F4B0F5F0F5F8F4A5C11CF495E114893FB
:107770000524D2532711F2F0030027114F4EB01207
:107780006040384139413A413B4130414C4E7FF3F2
:107790000F9306241F9304200E4D4F4CB0127A58BD
:1077A00030410B120A1209120812071206120512B2
:1077B00004122182044F054E7E4011003F404412C6
:1077C000B012445DF5900300090087215F450A006F
:1077D0008F105B450B000FDB0F937F255F45060085
:1077E0008F105E4507000FDE1F92001176215F4566
:1077F0000A008F100FDB0E4F0F4E0F5F0F7F3FE31E
:10780000B012E2950C4E0D4F1E420C111F420E118C
:10781000B012BC940F931C385F450A008F100FDB29
:107820000E4F0F4E0F5F0F7F3FE3B012E295824E77
:107830000C11824F0E115F4502008F105E45030050
:107840000FDE824F0A110D431E430F43B012585DE5
:10785000D5927E11100081200C433D4080401E4295
:1078600010111F421211B0121E950F9329346F454B
:107870008F105E4501000FDE0F5F0F5F0B4F3B5017
:10788000E2125F450A008F105E450B000FDE0E4FBF
:107890000F4E0F5F0F7F3FE3B012E2958B4EB0FFAC
:1078A0008B4FB2FF0C433D40803F1E4210111F42E0
:1078B0001211B012E28F824E1011824F12114D3C04
:1078C0004843353C4F480B4F0B5B0B5B0A4B3A5020
:1078D0003E113C40CDCC3D40CC3F1E4BE2121F4BF5
:1078E000E412B012E28F3C40FED43D4024C1B012FD
:1078F000E8920C4E0D4F0E433F402041B012A27B48
:107900008A4E00008A4F02003B506E110C433D40EE
:10791000803FB012A27B0C4E0D4F0E433F40803F84
:10792000B012E8928B4E00008B4F020058534F4824
:107930000E4F0F4E0F5F0F7F3FE3B012E2951C42D8
:1079400010111D421211B0121E950F93BB3B8243C2
:10795000101182431211D2438312C2938312BD24A9
:107960001C4200131D4202131E426E111F42701171
:10797000B0127E900A4E0B4F1C422A121D422C124E
:107980001E4272111F427411B0127E900C4E0D4FA8
:107990000E4A0F4BB012E28F0A4E0B4F3640761153
:1079A0001C42A6111D42A8113E463F462682B01237
:1079B0007E900C4E0D4F0E4A0F4BB012E28F0A4EC6
:1079C0000B4F37407A111C423C121D423E123E477B
:1079D0003F472782B0127E900C4E0D4F0E4A0F4B40
:1079E000B012E28F814E0000814F0200824E801162
:1079F000824F82111C4204131D4206131E426E1157
:107A00001F427011B0127E900A4E0B4F1C422E1274
:107A10001D4230121E4272111F427411B0127E902C
:107A20000C4E0D4F0E4A0F4BB012E28F0A4E0B4F09
:107A30001C42AA111D42AC113E463F462682B0129E
:107A40007E900C4E0D4F0E4A0F4BB012E28F0A4E35
:107A50000B4F1C4240121D4242123E473F472782B5
:107A6000B0127E900C4E0D4F0E4A0F4BB012E28FAB
:107A7000084E094F824E8411824F86111C427211AA
:107A80001D4274111E426E111F427011B012E28F1E
:107A90003C463D46B012E28F3C473D47B012E28F74
:107AA0000A4E0B4F824E5611824F58110C4E0D4FFD
:107AB0002E411F410200B012E892824E3412824FD2
:107AC00036120C4A0D4B0E480F49B012E892824E06
:107AD0003812824F3A12C2438312E59309001420F0
:107AE0005F4504008F105E4505000FDE1F920011F8
:107AF00006245F4504008F100FDE0F9305203E40E3
:107B0000F4010F43B012DA5D0F4421523441354184
:107B100036413741384139413A413B41304100001B
:107B2000803F0000C03F0000000000C0153F000083
:107B30000000DCCFD135000000000000803F0000D5
:107B400000400000804BCAF249716042A20D9A9930
:107B5000193FB76DDB3EABAAAA3E05A38B3E55325B
:107B60006C3E42F1533EABAA2A3E610B36BB55B385
:107B70008A380EEADDB54CBB31331872313F0072E2
:107B8000313F8CBEBF353CAA38334F38763F003882
:107B9000763FA0C39D363BAAB83F00AAB83F70A568
:107BA000EC36B012A87B30410B120A1209120812EF
:107BB000071206120512041231804A008143360072
:107BC000814338008143420081434400094E0A4FFB
:107BD000814C0000814D0200054E064F074C084DB8
:107BE0000C4E0D4F3DF0FF7F814C3000814D320037
:107BF0000B470C483CF0FF7F0B9307200C930520AC
:107C00000C433D40803F3040EA891E4130001F4117
:107C100032001E833F70807F06340E4B0F4C1E8354
:107C20003F70807F0B382C411D4102000E490F4AE6
:107C3000B012E28F0C4E0D4F3040EA89814328008C
:107C400081432A0006930234304054890B93052067
:107C50003C90807F0220304000890B9305203C90AF
:107C6000803F02203040E88807930520389000408C
:107C700002203040DC88079305203890003F022026
:107C80003040C8880E490F4A3FF0FF7F814E080000
:107C9000814F0A00819330000620B190807F32002E
:107CA000022030403C8881933000052081933200CF
:107CB000022030403C88819330000620B190803F04
:107CC0003200022030403C88814646008143480013
:107CD0001E4146001F4148001E4146000E5E0E43F5
:107CE0000E6E3E533F631ED128001FD12A000FDEC7
:107CF0000F930B200C490D4A0E490F4AB0122E90DB
:107D00000C4E0D4FB012E892953F0D4B0E4C1D835B
:107D10003E70004D023430409A831E4130001F41B6
:107D200032003E80F8FF3F707F3F0B3408930438E9
:107D30000C430D433040EA890C433D40807F304086
:107D4000EA891E4130001F4132003E823F70803F71
:107D500006380E470F481E830F73EE37E93F0C437A
:107D60003D40803F0E490F4AB0122E90044E054F01
:107D70000C4E0D4FB0127E900A4E0B4F0C433D40FF
:107D8000803E0E440F45B0127E900C4E0D4F3E408B
:107D9000ABAA3F40AA3EB0122E900C4E0D4F0E449F
:107DA0000F45B0127E900C4E0D4F0E433F40003FEA
:107DB000B0122E900C4E0D4F0E4A0F4BB0127E900B
:107DC000084E094F3C4000AA3D40B83F0E440F45C5
:107DD000B0127E90814E1800814F1A003C4070A571
:107DE0003D40EC360E440F45B0127E900A4E0B4FCC
:107DF0003C403BAA3D40B83F0E480F49B0127E9030
:107E00000C4E0D4F0E4A0F4BB0122E90814E1C009F
:107E1000814F1E000C4E0D4F1E4118001F411A00CD
:107E2000B012E28F814E1000814F12003EF000F040
:107E3000814E1000814F12001C4118001D411A0094
:107E4000B0122E900C4E0D4F1E411C001F411E0003
:107E5000B0122E90064E074F81431400B140803F70
:107E600016001E4146001F4148001E4146000E5E9E
:107E70000E430E6E3E533F63B1532800B1632A0098
:107E80001ED128001FD12A000FDE0F930520814349
:107E90001400B14080BF16002E411F4102003EF089
:107EA00000F0084E094F0C4E0D4F2E411F410200AD
:107EB000B0122E901C4110001D411200B0127E9095
:107EC0000A4E0B4F0C460D472E411F410200B012C7
:107ED0007E900C4E0D4F0E4A0F4BB012E28F814E2A
:107EE0000C00814F0E001C4110001D4112000E4875
:107EF0000F49B0127E90084E094F0C4E0D4F1E4197
:107F00000C001F410E00B012E28F814E0400814F21
:107F10000600814E3E00814F400091413E0020000E
:107F2000914140002200164120001741220037F005
:107F3000FF7F1D4120001E4122001D830E7302346D
:107F4000304036830E460F471E833F700043E435B2
:107F50000693032037900043C3250E470F4E0F5F53
:107F60000F7F3FE30E110E110E110E110E110E11A7
:107F70000E113E5081FF3F63814E2400814F260049
:107F800081432C0081432E000D460E471D833E7019
:107F9000003F663881432C00B14080002E001E4116
:107FA00024001E530C433D4080000E9304240D1109
:107FB0000C101E83FC231C513E001D614000814CAF
:107FC0002C00814D2E000E4C0F4D3FF0FF7F0E4FC9
:107FD0000F4E0F5F0F7F3FE30E110E110E110E11AA
:107FE0000E110E110E113E5081FF3F63814E240091
:107FF000814F26003E433F407F001D4124000D93EA
:1080000004240F110E101D83FC231C412C001D4164
:108010002E000CCE0DCF044C054DB1F07F002E008C
:10802000B1D080002E003F4017001F8124001D4169
:108030002C001E412E000F9304240E110D101F83DF
:10804000FC23814D2C00814E2E00819340003F394E
:108050000C440D450E480F49B0122E90084E094FA2
:108060000C480D491E410C001F410E00B012E28F5A
:108070003EF000F0044E054F3C4000723D40313F61
:10808000B0127E90814E1800814F1A000C480D49A5
:108090000E440F45B0122E900C4E0D4F1E410C0099
:1080A0001F410E00B0122E903C4018723D40313FEF
:1080B000B0127E900A4E0B4F3C408CBE3D40BF3507
:1080C0000E440F45B0127E900C4E0D4F0E4A0F4BD2
:1080D000B012E28F814E1C00814F1E000C4E0D4FDE
:1080E0001E4118001F411A00B012E28F814E040099
:1080F000814F06001C4118001D411A00B0122E903D
:108100000C4E0D4F1E411C001F411E00B0122E9040
:10811000084E094F1C4104001D4106000E4C0F4D36
:10812000B0127E90044E054F3C404CBB3D40313375
:10813000B0127E903C400EEA3D40DDB5B012E28FB9
:108140000C4E0D4F0E440F45B0127E903C4055B37F
:108150003D408A38B012E28F0C4E0D4F0E440F4551
:10816000B0127E903C40610B3D4036BBB012E28FB6
:108170000C4E0D4F0E440F45B0127E903C40ABAA02
:108180003D402A3EB012E28F0C4E0D4F0E440F457B
:10819000B0127E900C4E0D4F1E4104001F41060090
:1081A000B0122E90814E1000814F12000C4E0D4FD8
:1081B0001E4104001F410600B0127E900A4E0B4F74
:1081C0000C433D4000401E4110001F411200B01200
:1081D0002E900C4E0D4F0E4A0F4BB012E8920A4EE5
:1081E0000B4F0C480D491E4104001F410600B01200
:1081F0007E900C4E0D4F0E480F49B012E28F0C4E80
:108200000D4F0E4A0F4BB0122E901C4104001D4121
:108210000600B0122E900C4E0D4F0E433F40803F93
:10822000B0122E90814E0400814F060091412C0027
:108230004400814342009151440044009151440064
:108240004400915144004400915144004400915134
:1082500044004400915144004400915144004400C2
:108260001E5142001F614400814E2000814F2200B8
:108270001E4122000F4E0F5F0F7F3FE30E110E11C4
:108280000E110E110E110E110E111E830F731238E6
:108290009141200004009141220006001C4104008D
:1082A0001D4106001E4114001F411600B0127E90B1
:1082B0003040347C1D412C001E4104001F4106004B
:1082C000B012148A814E0400814F0600E73FB1E3EB
:1082D0002C00B1E32E0091532C0081632E00B83E98
:1082E0003C403CAA3D4038331E410C001F410E006B
:1082F000B012E28F0A4E0B4F0C480D491E4104008C
:108300001F410600B0122E900C4E0D4F0E4A0F4B1F
:10831000B0125A941F93213A3C40CAF23D40497131
:108320001E4114001F411600B0127E903C40CAF25C
:108330003D404971BB3F0E460F471E833F701643B9
:108340001D340693022430405A7F3790164302248E
:1083500030405A7F0C480D491E4104001F41060061
:10836000B0122E900C4E0D4F1E410C001F410E00FE
:10837000B01280951F93023830405A7F3C406042D3
:108380003D40A20D1E4114001F411600B0127E9008
:108390003C4060423D40A20D893F81432C00814317
:1083A0002E00B1908000320016340C433D40804BCB
:1083B0001E4108001F410A00B0127E90814E080045
:1083C000814F0A00B140E8FF2C00B1432E00814EDE
:1083D0003000814F32001E4132000F4E0F5F0F7F81
:1083E0003FE30E110E110E110E110E110E110E1192
:1083F000815E2C00816F2E00B15081FF2C00B16393
:108400002E001C4130001D4132003DF07F00814CA8
:108410002000814D22003DD0803F814C3000814DB5
:1084200032001E4120001F4122003E8072C43F7076
:108430001C00E73581432400814326009141300030
:108440000800914132000A0091412400340091510A
:10845000340034009151340034001D4134001A4D71
:108460001E7B1B4D207B0C4A0D4B1E4108001F41FB
:108470000A00B0122E90814E1800814F1A000C4A4B
:108480000D4B1E4108001F410A00B012E28F0C4E36
:108490000D4F0E433F40803FB012E892814E1C00CA
:1084A000814F1E000C4E0D4F1E4118001F411A0037
:1084B000B0127E90814E1400814F16003EF000F005
:1084C000064E074F1111320011103000B1D00020BC
:1084D0003200914124003800814336009151380028
:1084E00038009151380038009151380038009151CE
:1084F0003800380091513800380091513600300072
:1085000091613800320081533000A1623200144181
:108510003000154132000C4A0D4B0E440F45B0128D
:108520002E900C4E0D4F1E4108001F410A00B01244
:108530002E90084E094F0C440D450E460F47B012C1
:108540007E900C4E0D4F1E4118001F411A00B012B4
:108550002E900A4E0B4F0C480D490E460F47B01295
:108560007E900C4E0D4F0E4A0F4BB0122E900C4EBB
:108570000D4F1E411C001F411E00B0127E90814E07
:108580003A00814F3C001C4114001D4116000E4C66
:108590000F4DB0127E900A4E0B4F0C4E0D4FB01285
:1085A0007E90084E094F3C4042F13D40533E0E4AFA
:1085B0000F4BB0127E903C4055323D406C3EB012A5
:1085C000E28F0C4E0D4F0E4A0F4BB0127E903C4086
:1085D00005A33D408B3EB012E28F0C4E0D4F0E4A6C
:1085E0000F4BB0127E903C40ABAA3D40AA3EB01269
:1085F000E28F0C4E0D4F0E4A0F4BB0127E903C4056
:10860000B76D3D40DB3EB012E28F0C4E0D4F0E4A6F
:108610000F4BB0127E903C409A993D40193FB012EA
:10862000E28F0C4E0D4F0E480F49B0127E90084E4F
:10863000094F1C4114001D4116000E460F47B01291
:10864000E28F0C4E0D4F1E413A001F413C00B0120C
:108650007E900C4E0D4F0E480F49B012E28F084E1F
:10866000094F0C460D470E460F47B0127E900A4E3A
:108670000B4F0C433D404040B012E28F0C480D4977
:10868000B012E28F3EF000F0044E054F0C433D4027
:108690004040B0122E900C4A0D4BB0122E900C4E52
:1086A0000D4F0E480F49B0122E90084E094F0C4442
:1086B0000D450E460F47B0127E90814E1800814F37
:1086C0001A000C440D451E413A001F413C00B012F7
:1086D0007E900A4E0B4F1C4114001D4116000E489F
:1086E0000F49B0127E900C4E0D4F0E4A0F4BB01238
:1086F000E28F814E1C00814F1E000C4E0D4F1E411B
:1087000018001F411A00B012E28F3EF000F0084E30
:10871000094F1C4118001D411A00B0122E900C4E3A
:108720000D4F1E411C001F411E00B0122E90814EA5
:108730000C00814F0E003C4000383D40763F0E4813
:108740000F49B0127E90064E074F3C40A0C33D40FB
:108750009D360E480F49B0127E900A4E0B4F3C409A
:108760004F383D40763F1E410C001F410E00B012B5
:108770007E900C4E0D4F0E4A0F4BB012E28F1C41F3
:1087800034001D4C307B1C4C2E7BB012E28F084E07
:10879000094F1E412C001F412E00B012E295044EDD
:1087A000054F0C480D490E460F47B012E28F1D4190
:1087B00034001A4D267B1B4D287B0C4A0D4BB01202
:1087C000E28F0C440D45B012E28F814E1000814FB4
:1087D00012003EF000F0814E1000814F12000C4458
:1087E0000D45B0122E900C4A0D4BB0122E900C4637
:1087F0000D47B0122E900C4E0D4F0E480F493040D1
:10880000507E1D4120001E4122003D80D7B33E70A6
:108810005D00053491432400814326000F3E8143CF
:1088200024008143260091532C0081632E00815344
:108830003000B16080FF320030403C84914108003C
:10884000040091410A000600089330380693053869
:108850001C4104001D410600C83C1E4130001F4160
:1088600032000E533F6080C01ED128001FD12A0065
:108870000FDE0F9311201C4104001D4106000E4C19
:108880000F4DB0122E900C4E0D4FB012E892814E4B
:108890000400814F0600DC3F91932800D923819387
:1088A0002A00D623B1E000800600D23F1C4104001C
:1088B0001D4106000E433F40803FB012E892814EBA
:1088C0000400814F0600C23F069302343040847C8E
:1088D0000E490F4AB012988B3040347C0C490D4A37
:1088E0000E490F4A3040AC82089303380C490D4AB8
:1088F0007C3C0C490D4A0E433F40803F3040047D94
:10890000819330000420B190803F32001A241E4130
:1089100030001F4132001E833F70803F08380893AB
:1089200002343040307D2C411D4102005E3C0893F2
:1089300002383040307D2C411D4102003DE0008076
:10894000543C2C411D4102000E4C0F4DB0122E9094
:108950003040347C3C90804B0638A1432800814352
:108960002A0030404C7C3C90803F023430404C7CAC
:108970000E4C0F4E0F5F0F7F3FE30E110E110E11C5
:108980000E110E110E110E113E5081FF3F633D403E
:1089900017000D8E044D0E4B0F4C049304240F1141
:1089A0000E101483FC23814E2000814F22000D9372
:1089B00004240E5E0F6F1D83FC230E9B02243040A7
:1089C0004C7C0F9C022430404C7C91F3200081F3BE
:1089D00022002D430E431D8120001E712200814D77
:1089E0002800814E2A0030404C7C0E4C0F4D3150F7
:1089F0004A003441354136413741384139413A41E5
:108A00003B4130410000004C00000033CAF2497184
:108A10006042A20D0B120A12091208120712061266
:108A20000512041221830A4E0B4F814D0000064EA1
:108A3000074F3FF0FF7F0C4F0D4312C30C100C117A
:108A40000C110C110C110C110C110E9305200F932D
:108A500003200C4A0D4B8B3C3F90807F09280C4A29
:108A60000D4B0E4A0F4BB012E28F0C4E0D4F7F3C58
:108A70003F9080001F2C0C433D40004C0E4A0F4B92
:108A8000B0127E900A4E0B4F064E074F0EF33FF08A
:108A9000807F0E4F0F4E0F5F0F7F3FE30E110E11C1
:108AA0000E110E110E110E110E110C4E0D4F3C50E9
:108AB000E7FF3D632E410F4E0F5F0F7F3FE30C5EDC
:108AC0000D6F0E4C0F4D3E80FF000F731F340E4C88
:108AD0000F4D1E830F73103837F07F80094C084309
:108AE000095909590959095909590959095908D6FA
:108AF00009D70C480D493B3C0E4C0F4D3E80EAFF18
:108B00003F732034B190317500000F380C4A0D4B83
:108B10003E40CAF23F404971B012548D3C40CAF207
:108B20003D404971B0127E90A03F0C4A0D4B3E4033
:108B300060423F40A20DB012548D3C4060423D4027
:108B4000A20DF03F37F07F80054C355019000443EB
:108B5000055505550555055505550555055504D6C5
:108B600005D70C433D4000330E440F45DB3F0E4C10
:108B70000F4D215334413541364137413841394158
:108B80003A413B4130410B12B012148A3B41304113
:108B90000000803F6042A20D0B120A120912081257
:108BA00007120612051204123182084E094F0A4EAE
:108BB0000B4F3FF0FF7F3F90807F0D280C480D4901
:108BC0000E480F49B0127E900C480D49B012E28F4A
:108BD0000C4E0D4FB03C0E9305200F9303200C4814
:108BE0000D49A93C0B939C38064B0746075707775E
:108BF00037E30611061106110611061106110611BA
:108C00003F908000102C0C430D4339B080000720AA
:108C10000A5A0B6B1C530D633BB08000F927068C7E
:108C2000077D16530763365081FF37633BF07F00A3
:108C30003BD080000E460F471EF30FF30E93022425
:108C40000A5A0B6B071106100A5A0B6B814300007E
:108C500081430200814304008143060008433940F8
:108C600000012E411F4102000E580F690C4A0D4BA6
:108C70000C8E0D7F0E380C4E0D4F0C580D69814C2B
:108C80000000814D02000A8E0B7F8158040081692B
:108C900006000A5A0B6B12C3091008100893E1234F
:108CA0000993DF230BDA0B9317240A433B40803FE1
:108CB0000C4A0D4B0E4A0F4BB012BC940F930C385C
:108CC0000C4A0D4B0E4A0F4BB0125A941F931D388D
:108CD000A153040081630600111106001110040065
:108CE00081530400B160003F06000546044305556A
:108CF00005550555055505550555055514510400EF
:108D0000156106000C440D45163C1E4104001F4130
:108D100006001EF30FF3815E0400816F0600DC3F46
:108D20000C480D490E480F49B0122E900C4E0D4FB5
:108D3000B012E8924D3F0E4C0F4D31523441354147
:108D400036413741384139413A413B413041B01217
:108D5000988B30410B120A120A4E0B4F0E4C0F4DDE
:108D60000C4A0D4B3DF0FF7F0EF33FF000800CDE10
:108D70000DDF0E4C0F4D3A413B413041B012548D46
:108D800030410B120A120A4E0B4F0C433D40004F6C
:108D9000B012BC940F930D380C433D4000CF0E4AE7
:108DA0000F4BB012E28FB01274960E533F600080EA
:108DB000043C0E4A0F4BB01274963A413B4130418D
:108DC0000B120A12091208120712061205120B4F93
:108DD0000A4E094D0F436E4B6E93012C1F430F93A8
:108DE00018200C436F4A6F93012C1C430C933C20BA
:108DF0000C436E92EB240C9310240E436F920B24C1
:108E00000E930724DB9A0100010003243D401097D4
:108E1000DF3C0D4BDD3C1E43F33F0D436F92D424EA
:108E20000D9322200D436F93CD240D9318240F43EF
:108E30006E9313240F93ED270F4BB94F0000B94FDA
:108E40000200B94F0400B94F06005B4B01005BFA0A
:108E50000100C94B01000D49BB3C1F43EB3F0F43D1
:108E60006E93AE240F9302240D4AB23C154B0200C0
:108E7000164A02001C4B04001D4B0600174A040052
:108E8000184A06000F450F8698303F9020008C341A
:108E9000069510340F450F86064F36530E470F4880
:108EA0001EF30FF312C30810071007DE08DF069346
:108EB000F423064505960C3415530E4C0F4D1EF346
:108EC0000FF312C30D100C100CDE0DDF0596F43BF2
:108ED0005F4B01005F9A010059244F9352240E47C3
:108EE0000F480E8C0F7D0F934338C943010089450D
:108EF0000200894E0400894F06001B4904001C49EA
:108F000006000E4B0F4C3E533F633E833F70FF3FC6
:108F1000192C0E4B0F4C0E5E0F6F894E0400894FBB
:108F20000600B95302000C4E0D4F3C533D633C8389
:108F30003D70FF3F052C1B4904001C490600E93F1A
:108F40000B4E0C4FF940030000003C900080832B37
:108F50000E4B0F4C12C30F100E101BF30CF30BDE55
:108F60000CDF894B0400894C060099530200733FC3
:108F7000D9430100894502003EE33FE31E530F63DE
:108F8000B83F0E4C0F4D0E870F78AD3FD94B010007
:108F90000100894502000E4C0F4D0E570F68894E97
:108FA0000400894F0600CC3F06950334074308436D
:108FB0008F3F05460C430D438B3F3FE31F53653FF7
:108FC0001F43503F1D43313F1D432A3F1C43133F66
:108FD0000F4D354136413741384139413A413B41E6
:108FE00030410B1231802000814E1800814F1A0051
:108FF000814C1C00814D1E000E410F413F50180056
:10900000B012C8980B413B520E4B0F413F501C0011
:10901000B012C8980D413D5010000E4B0F41B012D8
:10902000C08DB0121897315020003B4130410B12D7
:1090300031802000814E1800814F1A00814C1C00A5
:10904000814D1E000E410F413F501800B012C898CC
:109050000B413B520E4B0F413F501C00B012C898C1
:10906000D1E309000D413D5010000E4B0F41B012ED
:10907000C08DB0121897315020003B4130410B1287
:1090800031802000814E1800814F1A00814C1C0055
:10909000814D1E000E410F413F501800B012C8987C
:1090A0000B413B520E4B0F413F501C00B012C89871
:1090B0000D413D5010000E4B0F41B012CA90B0123E
:1090C0001897315020003B4130410B120A1209120F
:1090D0000812071206120512041231800A00094F05
:1090E000064E814D00008143020081430400044389
:1090F00005430F436E496E93012C1F430F931120BC
:109100000C436F466F93012C1C430C9323200C439C
:109110006E92DC240C9314240E436F930F240E9351
:109120000A204F43D9960100010001245F43C94F33
:1091300001000D49CD3C3D401097CA3C1E43EF3F16
:109140000D436F92C1240D9311240F436E930C2491
:109150000F93F1234F43D9960100010001245F438F
:10916000C64F01000D46B43C1F43F23F0D436E93C2
:10917000A9240D93D6230E436F93A2240E93EA23C2
:109180001A4904001B4906001C4604001D4606003F
:1091900007430843B1401F0006000E4A0F4B1EF361
:1091A0000FF30E93192481430800815C0200816D46
:1091B00004001E4102001F4104000E8C0F7D022C92
:1091C000914308001E4108000F4E0F5F0F7F3FE3E1
:1091D0000E570F68045E056F075708683DB00080A2
:1091E000012417D30C5C0D6D12C30B100A10B15380
:1091F0000600B1B000800600D0371F4902001F569C
:1092000002002D418D4F02004E43D996010001000E
:1092100001245E432D41CD4E01002F538D4F02009E
:109220003590008017282E419E5302000E440F45B2
:109230001EF30FF30E93082412C311100400111033
:109240000200B1D00080040012C305100410359054
:109250000080E92F35900040132C2F41BF530200AE
:1092600004540565B1B000800400012414D3915169
:109270000200020091610400040035900040ED2BD3
:109280000E440F453EF07F000FF33E904000022059
:109290000F930A242D418D4404008D450600FD40A6
:1092A000030000002D41143C4493063881930200D2
:1092B000032081930400EE27345040000563EA3F09
:1092C0001E435C3F1D43553F1D433D3F1C43223F12
:1092D0000F4D31500A003441354136413741384154
:1092E00039413A413B4130410B1231801800814EE7
:1092F0001000814F1200814C1400814D16000E4168
:109300000F413F501000B012C8980B413B520E4B1A
:109310000F413F501400B012C8980E4B0F41B012CD
:109320002E93B0121897315018003B4130410B1268
:109330000A12091208120712061205120B4F0C43EB
:109340006D4F6D93012C1C430C9316200A436C4EF9
:109350006C93012C1A430A937720DBEE0100010085
:109360000F436D926F240F9305200F436D93682474
:109370000F9307244D9C02240E4B663C3E401097F1
:10938000633C0F436C925A240F9307248B430400D1
:109390008B4306008B430200EF3F0F436C934C243A
:1093A0000F930324EB420000E73F1D4B02001D8E8C
:1093B00002008B4D0200194B04001A4B0600174E99
:1093C0000400184E06000E490F4A0E870F78052C30
:1093D00009590A6A3D538B4D02000E433F4000403D
:1093E000054306430C490D4A0C870D78042805DE19
:1093F00006DF09870A7812C30F100E1009590A6A8E
:109400000E93F0230F93EE230E450F463EF07F00A0
:109410000FF33E90400002200F9305248B4504007B
:109420008B460600A93F459303380AD90A93F627CD
:10943000355040000663F23F1F43B23F1F43A43F35
:109440001F43963F1F438F3F0F4E354136413741F3
:10945000384139413A413B4130410B1231801800CB
:10946000814E1000814F1200814C1400814D160076
:109470000E410F413F501000B012C8980B413B52B3
:109480000E4B0F413F501400B012C8980F43E193A8
:109490000000012C1F430F9307200F43E1930800A6
:1094A000012C1F430F9302243F43043C0E4B0F41FA
:1094B000B012BE99315018003B4130410B1231803F
:1094C0001800814E1000814F1200814C1400814D14
:1094D00016000E410F413F501000B012C8980B41CA
:1094E0003B520E4B0F413F501400B012C8980F432F
:1094F000E1930000012C1F430F9307200F43E193DA
:109500000800012C1F430F9302243F43043C0E4BE1
:109510000F41B012BE99315018003B4130410B123F
:1095200031801800814E1000814F1200814C1400D0
:10953000814D16000E410F413F501000B012C898E7
:109540000B413B520E4B0F413F501400B012C898D4
:109550000F43E1930000012C1F430F9307200F439B
:10956000E1930800012C1F430F9302241F43043C86
:109570000E4B0F41B012BE99315018003B413041A3
:109580000B1231801800814E1000814F1200814C67
:109590001400814D16000E410F413F501000B012D3
:1095A000C8980B413B520E4B0F413F501400B01274
:1095B000C8980F43E1930000012C1F430F9307202D
:1095C0000F43E1930800012C1F430F9302241F4314
:1095D000043C0E4B0F41B012BE99315018003B4174
:1095E00030410B1231820D4E0E4FF140030000004E
:1095F0000F4E0F5F0F430F6FC14F01000D930820F7
:109600000E930620E14300000F41B01218972F3C43
:10961000B1401E0002004F9309240D9303203E9099
:10962000008022243DE33EE31D530E63814D040080
:10963000814E06001C4104001D4106003D90004083
:10964000E32F1B4102000E4C0F4D0E5E0F6F3B537C
:109650000C4E0D4F3F900040F62B814B0200814E87
:109660000400814F0600D03F0E433F4000CF3152EF
:109670003B41304131800C00814E0800814F0A008F
:109680000E410F413F52B012C8980E436F416F9385
:109690003A240E9333200E436F93012C1E430E93F6
:1096A0002D200E436F922D240E9307201D410200A2
:1096B0000D9324383D901F000B38C1930100042402
:1096C0000E433F400080213C3E433F40FF7F1D3C16
:1096D0003C401E001E4104001F4106000C8D0C93EF
:1096E000052412C30F100E101C83FB23C19301002D
:1096F0000C243EE33FE31E530F63073C0E430F432E
:10970000043C1E43D13F1E43C43F31500C00304146
:1097100000000000000000000B120A1209120812DB
:10972000071221821C4F04001D4F0600594F0100F3
:109730000A430B436E4F6E93012C1B430B9305247E
:109740003A40FF003DD010008E3C0B436E928924BE
:109750000B9362200B436E9382240B935F200C9338
:1097600002200D9380241F4F02003F9082FF51344E
:10977000384082FF088F38901A0029380C430D4377
:109780000E4C0F4D3EF07F000FF33E904000022044
:109790000F9317243C503F000D633D90004001287B
:1097A0001A4312C30D100C100D110C100D110C10DA
:1097B0000D110C100D110C100D110C100D110C10C1
:1097C000523C4C93EA373C5040000D63E63F074360
:1097D0001E430F430B480B9304240E5E0F6F1B8335
:1097E000FC233E533F630EFC0FFD0FDE0F9301245D
:1097F00017430F480F93052412C30D100C101F833D
:10980000FB230E470F4E0F5F0F7F3FE30CDE0DDF94
:10981000B73F3F90800005383A40FF000C430D43AE
:10982000223C0A4F3A507F000E4C0F4D3EF07F0015
:109830000FF33E90400002200F930B243C503F005A
:109840000D633D900080AD2B12C30D100C101A5308
:10985000A83F4C93F6373C5040000D63F23F1B434A
:109860007C3F1B43753F814C00004E4D7EF07F00D6
:109870005F4102007FF080FF4FDEC14F02000F4AC0
:109880007FF30F5F0F5F0F5F0F5F0F5F0F5F0F5F64
:109890001E4102003EF07F800EDF814E02004E49E5
:1098A0004E114E434E105F4103007FF07F004FDEAC
:1098B000C14F03002E411F41020021523741384160
:1098C00039413A413B4130410B120B4E2C4F5D4F19
:1098D00002003DF07F001E4F020012C30E100E1159
:1098E0000E110E110E110E110E117EF3FFB080003D
:1098F00003004F434F63CB4F01000E932D200C9379
:1099000005200D930320EB430000573CBB4082FF32
:1099100002000C5C0D6D0C5C0D6D0C5C0D6D0C5C37
:109920000D6D0C5C0D6D0C5C0D6D0C5C0D6DFB40DC
:10993000030000003D9000400A2C3F4082FF0C5C79
:109940000D6D3F533D900040FA2B8B4F02008B4C26
:1099500004008B4D0600313C3E90FF001E243E501B
:1099600081FF8B4E0200FB40030000000E4C0F4DA8
:109970000E5E0F6F0E5E0F6F0E5E0F6F0E5E0F6F3F
:109980000E5E0F6F0E5E0F6F0E5E0F6F3FD00040CA
:109990008B4E04008B4F0600103C0C9305200D935A
:1099A0000320EB420000093C3DB010000324DB43E0
:1099B0000000CD3FCB430000CA3F3B4130410B127A
:1099C0000A12091208120D436C4F6C93012C1D43AF
:1099D0000D9307200D436B4E6B93012C1D430D938C
:1099E00002241D43723C0D436C926D240D930B2495
:1099F0000D436B9266240D9306245D4E01005F4F6C
:109A000001000D8F623C0D436C9259240D9323206D
:109A10000D436B9252240D9311200D436C934B24F4
:109A20000D9307240D436B9344240D9302240D439F
:109A30004C3C0D436C933B240D930824CE930100C2
:109A400003203F430D4F413C1F43FC3F0D436B93AD
:109A50002C240D930424CF930100F323F53F5C4F96
:109A600001005C9E010003244C93EB23ED3F1B4F50
:109A700002001D4E02000D9BF73B0B9D13381A4F41
:109A800004001B4F0600184E0400194E06000E4835
:109A90000F490E8A0F7BE82B0E4A0F4B0D430E88A1
:109AA0000F79132C4C93CD27CF3F1D43D23F1D433D
:109AB000C33F1D43BA3F1D43B33F1D43AC3F1D434E
:109AC000A53F1D43983F1D43913F0F4D38413941FC
:109AD0003A413B4130410B120A120912094F3A4FE9
:109AE0003B4F3C406D4E3D40C641021232C2B01267
:109AF0009E9C32413E5039300F63894E0000894FA1
:109B000002003FF0FF7F0F4E39413A413B41304167
:109B10000B1221820B4FA14F0000814302000F4125
:109B2000B012D69A8B4F000021523B4130413F404A
:109B30003A11B012D69A3041824F3A1182433C1109
:109B400030410B120A120912094F0A4E0E4F3D9076
:109B50000600082C0D932824CE4A00001E533D53C6
:109B6000FB23223C4B4A0B9303240F4B8F100BDF3C
:109B70000C491CF309242F430F8C0C4F0D8FCE4A38
:109B800000001E533C53FB230C4D12C30C108E4B94
:109B900000002E533C53FB230C4D1CF30524CE4AEE
:109BA00000001E533C53FB230F4939413A413B41CE
:109BB000304102DFFE3F4EEE7B400900053C0D10B8
:109BC0004E6E4E9A01284E8A4C6C0D6D5B83F723C6
:109BD00030410EEE3B401100053C0D100E6E0E9A0A
:109BE00001280E8A0C6C0D6D1B83F7233041041283
:109BF000051206120712081209120A120B1214415A
:109C00001200154114001641160017411800824C2D
:109C100030018244380118423A0192423C013A0133
:109C200092423E013C01824C340182453801824D12
:109C300034018244380119423A0192423C013A010E
:109C400092423E013C0182453801824C34018246F9
:109C50003801824E3401824438011A423A0192425C
:109C60003C013A0182453801824C34018247380177
:109C7000824D340182463801824F340182443801DA
:109C80001B423A010C480D490E4A0F4B3B413A41E9
:109C90003941384137413641354134413041824CB8
:109CA0003001824A3801824C34011E423A0192420C
:109CB0003C013A01824B3801824D3401824A38011D
:069CC0001F423A01304191
:109CC6000100020012A201000000000000007A4319
:109CD6000000000000010000000000FFFFFF00017F
:109CE6000100220000000000FFFFFF00000001014C
:0E9CF600000000FFFF0002000000010000005F
:10FFE0003A400E643A403A403063B44068403A4088
:10FFF0002E6598643A403A407A4BFA403A400040C5
:0400000300004000B9
:00000001FF
