:10400000B240805A20013F406A803E4000113D404E
:1040100058110D9E0524FE4F00001E530E9DFB2BD4
:104020003F4058113D4016140D9F0524CF4300001A
:104030001F530F9DFB2B3040A44B30403E400013DC
:104040000000100050009000D000F0000F4212C39A
:104050000F100F110F115FF332C203437FF3304192
:104060004F93012432D230410F120E120D120C1256
:10407000B01284403C413D413E413F41B1C0F0005F
:10408000000000131F4262018F105FF302241F42E1
:10409000720130411F4264018F105FF302241F42FE
:1040A000740130411F4266018F105FF302241F42EA
:1040B000760130410F120E120D120C121F422E010A
:1040C00012C34F107FF31F930B242F9303340F93CE
:1040D00004240B3C2F930724083CB0128440053C79
:1040E000B0129440023CB012A4403C413D413E41DC
:1040F0003F41B1C0F000000000130F120E120D126C
:104100000C124F43B0121A413C413D413E413F41E8
:10411000B1C0F0000000001330414E4F7FF33F92DA
:104120007D2C0F5F104F284138416A418841CE41B4
:10413000DE41EE41FE410E421F4282018F105FF3CD
:1041400003241F4292013041B2F0EFFF82018293BB
:10415000F01108208293F21105207F400700B01271
:1041600024423041B012784230413E4084012F4E0B
:104170008F105FF356241F4294019EC30000AEC30C
:104180000000B012626F30411F4286018F105FF352
:1041900003241F4296013041B2F0EFFF8601829363
:1041A000CC1112208293CE110F20B0123C72929348
:1041B00040113720A2434011B012604BB012704B37
:1041C0004F43B0121E4A3041B012984630411F4250
:1041D00088018F105FF325241F42980130411F4250
:1041E0008A018F105FF31D241F429A0130411F4244
:1041F0008C018F105FF315241F429C0130411F4238
:104200008E018F105FF30D241F429E0130419253A7
:10421000EA119253481282634A1230414F4EB01253
:10422000184130410B124B4FB0124C404D4F0E43D2
:104230004F4BFF937A110320C29B111401201E43A0
:104240000F434E930D20F2935D130320C24B5D1379
:10425000043C5F421114CF4B7A11C24B11141F431F
:104260004F9303207B400500013C4B434F4DB01260
:1042700060404F4B3B4130410B120A1209120812A9
:10428000B01276430A4E0B4F1E42F6111F42F81130
:104290001E52F0111F62F211084E094F088A097B65
:1042A0000C4A0D4B1C82F6111D72F81108280C4E99
:1042B0000D4F1C82F6111D72F8110F28073C0C4E91
:1042C0000D4F1C82F6111D72F811052C0C4A0D4B76
:1042D0000C8E0D7F0228084309430C480D493C8091
:1042E00001040D7314280E4A0F4B3E5000040F6357
:1042F000824EF611824FF811385000FC3963824823
:10430000F0118249F2113840000409430A3C9252EC
:10431000F011F6119262F211F8118243F01182430A
:10432000F2110B4A0B5B0B5B0B5B0B5B0B5B0F48E0
:104330000F5F0F5F0F5F0F5F0A4F0A5AB012EC4317
:104340000E4F0E8B0E9A042C0A8E3A900300042C0A
:10435000B012EC432F53013C0F5A824F92013F4061
:1043600082019FC30000BFD01000000038413941D6
:104370003A413B4130410B120A120912B0124C4033
:10438000494F1A4248121B424A12B012EC430E4FD8
:104390001F4280015FF37FF34F9305241A530B6391
:1043A000B012EC430E4F0F4E12C30F100F110F112E
:1043B0000F110F110C4F0D430E4A0F4B4FEE0FEE26
:1043C0008F107EF38E100E5E0F6F0E5E0F6F0A4E13
:1043D0000B4F0A5A0B6B0ADC0BDD4F49B0126040E1
:1043E0000E4A0F4B39413A413B4130411E42900148
:1043F0003D4090010F4E2E4D0F9EFC230F4E30413D
:104400000B120A1209120812B0124C40484F1942FE
:10441000EA11B012EC430E4F1F4280015FF37FF3AD
:104420004F9304241953B012EC430E4F0F430B4922
:104430000A430ADE0BDF4F48B01260400E4A0F4BB2
:10444000384139413A413B4130413E408401BEF060
:10445000EFFF0000E2D31F009EC30000AEC30000C8
:104460003FF003008F100F5F0F5F0F5F0F5F0F5F55
:104470000F5F3FD000018E4F0000BED01000000043
:104480000F433041B0124C40E2C21D00B0126040F8
:1044900030410B120A120912081207120612094FB4
:1044A000474E4B4C084DB0124C404A4F4E434F4381
:1044B000B01210454F9305244F4AB01260400F438D
:1044C000203C4F4AB01260404F47095F4F497FD0B0
:1044D00080FFB0123C45474F0F4912C30F107FF0C9
:1044E000C0FFB0123C454B930B244A4B4F4B0E4A36
:1044F0000E8F0F4E0F586F4FB0123C457B53F62373
:104500004F4736413741384139413A413B413041CB
:104510000B120A1209124B4F4A4EB0124C404E4F2A
:1045200049434F4BCF9AF012012059434F4EB012DE
:1045300060404F4939413A413B413041C24F7700D9
:104540005F4202007FF0400002241F43013C0F4302
:104550007FF34F93F527F2F0BFFF02005F42760032
:104560007FF33041B0124C40E2D21D00B0126040E7
:1045700030410B120A12091208124B4FB0124C4074
:10458000484FC29B43111324B01260401F43343C78
:10459000C24C43111F430E9303240F5F1E83FD2360
:1045A000C2CF42117F400E00B0122442213CF243A0
:1045B0004311C293421114244C43594242117A4090
:1045C0000500B012827F4C4E7EF30D4E0F490D93C5
:1045D00003240F111D83FD231FF3DA235C53EF3FE8
:1045E000B0124C40C243F012B0126040B01202460A
:1045F0004F48B01260400F43384139413A413B4186
:104600003041C29342110920F293431106204E43D8
:104610004F43B01210454F9302201F433041D24305
:10462000FB12C29378110224C243FB12C293FB1205
:1046300005244F43B0127E6E0F4330413F400500CA
:104640003041F2F0BFFF04003F401B00EFC3000009
:10465000EFC20000FFC2000030410B120A12091223
:10466000081207120A4E0B4F084C094DB0124C406D
:10467000474F824A5C11824B5E118248CC118249BD
:10468000CE11B01298464F47B012604037413841C2
:1046900039413A413B4130410B120A1209120812CA
:1046A000B01200440A4E0B4F1E425C111F425E11B5
:1046B0001E52CC111F62CE11084E094F088A097B89
:1046C0000C4A0D4B1C825C111D725E1108280C4EA9
:1046D0000D4F1C825C111D725E110F28073C0C4EA1
:1046E0000D4F1C825C111D725E11052C0C4A0D4B86
:1046F0000C8E0D7F0228084309430C480D493C806D
:1047000001800D7314280E4A0F4B3E5000800F633A
:10471000824E5C11824F5E113850008039638248AE
:10472000CC118249CE113840008009430A3C925294
:10473000CC115C119262CE115E118243CC11824386
:10474000CE110B4A0A48B012EC430E4F0E8B0E9856
:10475000042C0A8E3A900300042CB012EC432F5321
:10476000013C0F5A824F96013F4086019FC30000D3
:10477000BFD010000000384139413A413B4130413F
:104780000B124B4F92434C11C2437811B0120246A8
:10479000B0124C40C24B3E11B01260407F400B0043
:1047A000B01224423B4130410B120B4FCF432D003E
:1047B0003F502E00CF430300CF430200CF43010000
:1047C0003C4000800D430E4C8E107EF3CB4E2E00ED
:1047D0003B4130410B120A120912B0124C40494FB2
:1047E000B01218480C4E3A404600B0129E7F0F4E51
:1047F0003F500B00824F0E141A420E140B43B0129E
:1048000000440C4A0D4BB0125A464F49B01260405A
:1048100039413A413B4130410B120A121C42E4112A
:104820001D42E6110E430F4303120312031230120E
:104830004E83B012BA7F31520A4C0B4D12C30B108B
:104840000A100C4E0D4F0E430F430C5A0D6B0E4CBD
:104850000F4D0EF33FF000800FDE0F9304243DF068
:10486000FF7F1C530D63824CE411824DE6110E4C08
:104870000F4D3A413B4130410B127F400300B012D3
:1048800096484B4F4F9304247F400300B0121E4ABA
:104890004F4B3B4130410B120A1209124A4FB012E2
:1048A0004C404B4F5E434F43B01224494F93062474
:1048B0004F4BB01260403F400500303C4F43B012B8
:1048C0005A494F930424C24A43114943233C494364
:1048D000C29346111120E2434611C249DE11B012C3
:1048E0007049C299471106203F400211B012A049F9
:1048F0000F43033CC24346111F431FF3494F4F93DD
:104900000320C24A4311063CB0124C40C243F0128D
:10491000B01260404F4BB01260404F4939413A41AC
:104920003B4130410B120A1209124A4F4B4E594378
:10493000B0124C404E4F4B9304244F4ACF93F01289
:1049400004204F4ACF4BF01249434F4EB012604003
:104950004F4939413A413B413041C29F47110620FE
:10496000F2900300461102201F4330410F433041B3
:10497000D29347111320D293461105207F40100097
:10498000B0122442093CE29346110820D242DE11C3
:104990004711F240030046110F4330411F4330419D
:1049A0000B120B4FB0124C404D4FD2437000F2F03F
:1049B000DAFF7000D2437000F2F03F0004003E4086
:1049C0001B00FEF0EFFF0000FEF0DFFF00005F4B7A
:1049D00002007FD00500C24F7000D24B030071006F
:1049E0002F4BC24F74008F107FF3C24F7500C2432C
:1049F0007300EED30000EED20000FED20000F2D031
:104A000040000400D2C37000F2F03F000200F2F058
:104A10003F0000004F4DB01260403B4130410B124F
:104A20000A124B4FB0124C404A4F5E434F43B012F4
:104A300024494F931020C24B43114F43B0125A499F
:104A40004F9305247F400E00B01224420D3C4F438B
:104A5000B012046F093C4E4B1F430E9303240F5FAB
:104A60001E83FD23C2DF42114F4AB01260400F4344
:104A70003A413B4130410B120A125B43B0124C40A9
:104A80004A4FB2924C111B207F400900B0122A4BB2
:104A90007F400300B0127245B012644592434C113E
:104AA000B0124C40F24003003E11B01260407F4013
:104AB0000B00B01224424F4AB0126040333CB01297
:104AC0008444C293131403247F400500013C6F42C9
:104AD000B0122A4B7FF206204F43B0122A4B7FF2CE
:104AE00001244B434B9303243F400300023C3F40CF
:104AF0000500824F4C11B01264454F4AB01260401D
:104B00004B930924C24360117F400300B0127245E9
:104B1000B012D447073CB01200443C4040010D4362
:104B2000B0125A463A413B4130410B120A124A4FE9
:104B3000B0124C404B4F4E434F43B01210454F9371
:104B400005244F4BB01260400F43073C4F4BB0124F
:104B500060404F4AB0123C457FF33A413B413041FF
:104B6000B0124C40F2F0BFFF1D00B0126040304167
:104B7000B0124C40F2D040001D00B01260403041F5
:104B80000F120E120D120C121F421E0112C34F10F3
:104B9000B0121A413C413D413E413F41B1C0F0009D
:104BA000000000133140FE38B0124C404A4F3D40E7
:104BB00015003E40FF003F407A11B0120E7FF243D5
:104BC0005D13F2431114A242600182432E01A242FE
:104BD000800182431E01B24020026001B2402001E8
:104BE0008001F24084FF5700C2435800B2400040A9
:104BF0008201B012D8785F4257007FF007007FD063
:104C000080FFC24F5700E2425800E2C300008243D7
:104C10007001B2400202600182439001B240020181
:104C200080011F4260013FF0CFFF3FD02000824F44
:104C300060011F4280013FF0CFFF3FD02000824F34
:104C40008001B0123A653F403200FFD010000000F2
:104C5000FFD020000000FFD040000000B012BC4E8A
:104C6000B012CC4EB012DC4EB012EC4E4F93FC237F
:104C7000F243D0110D433C4062110F4D0F5F0F5FA7
:104C80000E4F0E5CBE430000CF4364111D532D92A6
:104C9000F43B4F434F9302200F43013C1F434B4FC4
:104CA000B0121848C24EFC124B9302200F43013C35
:104CB0001F434B4F1F4200111F53824FE411824389
:104CC000E6114B9302200F43013C1F43B2402813CF
:104CD00058114F9302200F43013C1F434B4FF2F0FA
:104CE000EFFF22003F401E00EFD20000EFC30000A4
:104CF0004B9302200F43013C1F434B4F3F40860123
:104D0000BFF0EFFF0000BF40004000004B930220C7
:104D10000F43013C1F43F24367134F9302200F439D
:104D2000013C1F434E4F0F43CF43F0121F532F92AE
:104D3000FB2B3F401E00EFD20000FFD040000000E0
:104D4000FFD020000000B0121455824FFA11D24259
:104D50004A11DC11C243DD11F2401F00EE12F24095
:104D60001A00FA12D243CA11C2436C13D243DF11A4
:104D7000C243F8123F408201BFF0EFFF0000BF4086
:104D800000400000F243F4114E433D4002124F4EEA
:104D90000F5F0F5DCF4300005E536E93F82BC2434D
:104DA000E812C243EE11C243F511C2435E138243BF
:104DB0001414C2436D13C2435012C243FF12C243C4
:104DC000FE12C243D911C243EA12C2430313C243C3
:104DD000DA1182434C12C2433F12C2433E12B01258
:104DE000EC4E4F93FC234F4AB012604032D23D400C
:104DF000E8030E434F43B0121A5E3D4088130E4342
:104E00005F43B0121A5E5F43B0122442B012485B97
:104E1000B0124C404A4F163CC29316110824B012EF
:104E200044796E426F92012C4E4FC24E17115F4271
:104E300017110F5F1F4F40403FD2814F000022D11A
:104E400032C20343F2935D1310245E425D135F424E
:104E50005D13D24F7A115D13F2935D130220F2437A
:104E600011144F4EFF437A11023C3F40FF004B4F5D
:104E70007F93D2274F4AB01260404F4BB012284F59
:104E8000C73F215330407E7F0D4F5E4257007EF07A
:104E9000F8FF8F107FF007004EDFC24E5700C24D63
:104EA000560030414F930324E2D31900023CE2C381
:104EB0001900F2D21900F2C219003041B0124C4070
:104EC000F2D010003100B01260403041B0124C40BE
:104ED000F2D020003100B01260403041B0124C409E
:104EE000F2D040003100B01260403041F2935D13C7
:104EF00010245E425D135F425D13D24F7A115D1341
:104F0000F2935D130220F24311144F4EFF437A11C6
:104F1000023C3F40FF007F9302200F433041B0121C
:104F2000284F1F43304130410B120A120912081258
:104F3000071221834E4F7FF33F9015000228304027
:104F400082530F5F104F484F724F7A4F844F8A4FF2
:104F5000B64FF04FF64F1A5056505C50B850C250F2
:104F60006251685172511652405276524453665300
:104F70006C53B012B065304088534F43B012466B4B
:104F8000304088537F400300733D4F43B012405D73
:104F90004F930220304088538293D6110224304030
:104FA000885382936A130224304088534F43B012CF
:104FB000906A3040885382432411B0124C40B012A2
:104FC00060401B4222115F422A110F93022430409D
:104FD00088530F4BB0123A5D7FF33F908900022453
:104FE000304088533B900612CF21C2430E11CC3D76
:104FF000B0128468C93DB0124C40D242F91235114A
:10500000F24003003411B01260405F4235110F933B
:10501000BB214F43B012D45CB73DC293C8111620D8
:10502000B0124C401A42F6111B42F8111A52F011FC
:105030001B62F211B0126040C243C8111C4204133B
:105040001D4206130E4A0F4BB012965CB012764307
:10505000B012B25B993DB0128C6B963DB0124C40D1
:105060004B4F5F43B0124A4492434C11C2434E111E
:10507000C2437811C243C9114F4BB0126040B01205
:105080004C404B4FB012665A92439011C243D81114
:10509000D2C32500D2C32300D2D32400D2D325000B
:1050A0004F4BB0126040B012D46DB012FE6DB01212
:1050B0004C40E243F112C13CB0124C40C243F112E9
:1050C000BC3CB0124C405A423E11B01260407E408F
:1050D00003005F43B01210454F932A24B0124C4096
:1050E0004B4F82434C11B2F0EFFF8601B2F0EFFF5D
:1050F0008401E2C31F007F400300B0127245B0126A
:1051000064454F4BB0126040B012C67682434011E6
:10511000B012604BB0124C40F2F0DFFF1D00B01235
:105120006040B012704B7F400A00B0122442063C2F
:10513000B0124C40E243F112B01260401B423C12EC
:10514000B0122E570F4BB0129E577F903F001C217C
:10515000F24350115F4B0B004D4A0E4BB012765785
:10516000133DB012266D103DB0124C40C2431014D6
:10517000643CB0124C405B424311B01260407BF380
:105180002B932F243B90030005340B9309241B938E
:105190000C24FA3C3B90030038242B923924F43C35
:1051A000B0128444B012626DEF3CB01284447F4070
:1051B0000600B0122A4BB0127E5AB012AE5AB0128C
:1051C000045BB0126445B01284447F400300B01207
:1051D0002A4BB01264455F43B01272457F400D0008
:1051E000473C81430000B01284440E417F401300CD
:1051F000B012226EB01264456F43B0127245B150C6
:105200007F000000C1430100BF3CB012CA72BC3C29
:10521000B0128059B93CB0124C404B4F1A42EC11BD
:105220001E42E6121D4264135F42FC110F930420DC
:105230004C430F4AB012F6594F4BB0126040A43C99
:10524000B0124C40D242DE114711F2400300461129
:10525000B01260405F4247110F9304203F4002119B
:10526000B012A0495F4247110F938E207F400E007D
:10527000B0122442893C1E425811694E4F490F5EBC
:105280006D4F4D5D4D434D6DCE4D2B006D4F7DF0FF
:105290007F00CE4D2900DE4FFFFF28001A42581133
:1052A000B012126D4F9302201F43193C0743084A66
:1052B000385006005F4801008F105E4A06000B4F11
:1052C0000BDEB0128A570B9F08245F4801008F1035
:1052D0005E4A06000FDE3F93012017430F474F93AE
:1052E000282479900D0025281B425811074B375070
:1052F0000C0048497850F3FF5F4B09008F105E4B5C
:1053000008000A4F0ADE5F4B0300494F4E4F0F4A19
:10531000B012687A4F9302240F4B093C4E490F4A52
:10532000B012AA7A4D480E470F4BB012EA76824F60
:105330005811B0124C40C243D811B0126040B012A4
:10534000E458223CD2925011E8111E24D242E811B6
:1053500050115F42E8110F930320B0123C57143CE8
:10536000F2435011113CB012F2770E3C5F425611DD
:105370000F5F5D431E4F46125F425611B0129653A7
:10538000033C4F4EB012264F21533741384139412B
:105390003A413B4130410B120A1209120812494F9F
:1053A000084E7FF30F5F8F434612C24356114D43A1
:1053B0003C4046125F4256110F5F0F5C8F93000016
:1053C00013245E4256114F4E12C34F104F114F110E
:1053D0007FF35F4F68133EF007000E9303240F1115
:1053E0001E83FD231FF30524C24356115D53E2279C
:1053F000023C4D930224D2435611C29356111720FA
:105400001B4246125A4B0B000F4BB01248540E4F22
:105410006F4B7F50F3FF7FF34C4F0D4B4F4AB01251
:1054200058544F9304247F401400B01224424F4933
:105430000F930520389006120220C2430F11384105
:1054400039413A413B4130410E4F5F4F07008F10C9
:105450005E4E06000FDE30410B120A1209120812CE
:105460000712074D484C7C901D0002282F434C3CEE
:10547000CD4F0B00CD4E06000F4E8F10CD4F0700C5
:105480000A4D2A52B0124C401B42DC11B01260404F
:10549000C74B04000F4B8F10CA4F01000B473B5204
:1054A000B0121455C74F08008F10CB4F0100C293A4
:1054B000501103203F400900033CC24350110F43E9
:1054C0004F930E207E403F000F47B01242554E488A
:1054D0000F47B0124A554F931624F2435011133C14
:1054E000C2483A12C2433B12824754117F40120015
:1054F000B0122442C293501103203F400900033CE4
:10550000C243E8110F437FF33741384139413A41F3
:105510003B4130410B12B0124C401B424811B012BB
:1055200060400F4B3B4130410B12B0124C404B439B
:10553000F293511101205B43B01260404F4B3B414D
:1055400030410D4FCD4E0A0030410B120A120B4F65
:105550004A4E5E436F43B01224494F9312205F427C
:10556000FC12D253FC12CB4F03004E4A0F4BB01229
:10557000426C7FF34B4F4F930224B0122E574F4B88
:10558000023C3F4005003A413B4130410B120A12B8
:1055900009121A42E2115B4A2A004B9302207B4017
:1055A0001F00B0128444C29BC9110A240F4B3FF064
:1055B0001F003FD0E0800E4F7F401500B0120E5606
:1055C000C24BC911094A6A4A7A53B0124C404B4F38
:1055D0004E434F43B01210454F9304244F4BB0122B
:1055E0006040113C4F4BB0126040B2403E00FE1193
:1055F0005F42FE11B0123C454F4A0C4F0D430E491D
:105600004F43B0125A5639413A413B4130410B1297
:105610000A1209124A4F094EB0124C404B4F4E43EA
:105620004F43B01210454F9305244F4BB0126040CA
:105630000F430F3C4F4BB01260404F4AB0123C45F5
:105640000F498F107FF3B0123C454F49B0123C45D3
:105650007FF339413A413B413041C24FFC11824E08
:10566000EC11824DE612824C6413824360130C935A
:105670000D24B0124C40F2F0BFFF0200F2D0400007
:105680000000B0126040B0129856043C7F400F00FA
:10569000B01224420F433041B0124C404C4F829321
:1056A000EC1106241F42EC111F5260136F4F013C96
:1056B0004F43C24F77005E4260136E534F4E829F3E
:1056C0006413022C5E426413925360134F4E829F08
:1056D0006013292C0D4F5F4202007FF0400002242E
:1056E0001F43013C0F437FF34F93F5275F42760042
:1056F0004E4F8293E61206241F42E6121F52601399
:10570000CF4EFFFF8293EC1106241F42EC111F5273
:1057100060136F4F013C4F43C24F770092536013A9
:10572000829D6013D82B4F4CB01260403041B012B4
:105730004C40C243F212B012604030410B120A12C8
:105740001A4254115B423A127E403F000F4AB01297
:1057500042554E4B0F4AB0124A554D4F4D930824B7
:10576000F24350115F4A0B001E425411B01276579B
:105770003A413B413041C29356110620829E461267
:1057800003204F43B012965330410B12B0124C40DD
:105790001B42FA11B01260400F4B3B4130415F4F4A
:1057A0000A0030410D4F7E901D00042C0F4D3F50DC
:1057B0000C0030410F433041CE4F06008F10CE4FCA
:1057C0000700FE4006000B004F43B01274777FF3D2
:1057D00030410B120A120B4E0A4D1F930820B012D3
:1057E0004C40F2F0EFFF3100B0126040023CB012CA
:1057F000BC4E1B930820B0124C40F2F0DFFF31008A
:10580000B0126040023CB012CC4E1A930820B01285
:105810004C40F2F0BFFF3100B0126040023CB012C9
:10582000DC4EB0127643531203123012F4010D4EC7
:105830000E4F6F43B0124258315006003A413B417F
:1058400030410B120A120912081207123C400C00D8
:105850000C514B4F094D0A4E374C384C2C825D4C45
:1058600004007FF30F5F0F5F4E4B0E5E0F5E0F5E07
:105870000F5E0E4F3E5054128F4954128F4A5612EB
:105880008E4704008E4806004F4D5FF3DEC30800CC
:10589000CEDF0800EED308007F42B0122442374129
:1058A000384139413A413B4130410D4F7E901D0016
:1058B00002280F4330410F4D3F500C0030410B1276
:1058C000B0124C404B4FC2936D1307204F43B012A0
:1058D00024424F930220D2436D134F4BB0126040CD
:1058E0003B4130410B12B0124C404B4F8293901110
:1058F0002724C243D811C293CB110A240E435F421E
:1059000020007FF201241E434F4E1FF34F930C20C3
:105910000E435F4220005FF37FF34F9301241E4349
:105920004F4E1FF34F930820C293CB110224F25322
:10593000CB11B0125059073C92439011C243CB1186
:105940006F42B01272454F4BB01260403B41304144
:10595000A2439011D243D8114F43E2924311012048
:105960005F431FF34F9305206F42B01296484F9349
:105970000320B012805930416F42B0121E4A3041AC
:10598000B01284445D431E4258117F403F00B01264
:10599000945930410B120A12091208124A4F084E4C
:1059A000494DB0124C404B4F4E434F43B01210453F
:1059B0004F9305244F4BB01260400F43173C4F4BA1
:1059C000B01260404F4A7FD04000C24FFE11C24328
:1059D000FF115F42FE11B0123C454B4F4F490C4F37
:1059E0000D480E434F43B0125A564F4B3841394180
:1059F0003A413B4130410B120B4F1F42FE113FF029
:105A0000400011240B4E4E4D5F42FE113FF0BF008F
:105A10003F903E0012243F903F000F204D4C0F4B13
:105A2000B012D4730A3C4E4D5F42FE113F903E00CF
:105A300004204D4C0F4BB01244733B413041B01227
:105A4000665AB0126445B01284447F42B0122A4BA9
:105A50007F42B0122A4BB01264456F42B0127245B9
:105A6000B012E4583041F24080FF7411C243D811A3
:105A7000C2436213C2435C13C243CB1130410B12C9
:105A8000B0124C405B42FA12B01260404F4B0F5FB5
:105A90004E4B0F5E0F5E0F5E3F502E013FD0004019
:105AA0000E4F7F401800B0120E563B4130410B1292
:105AB000B0124C404B4F0E43C293CA110424C29300
:105AC0006C1301241E430F4E7FF38F100F5F0F5F87
:105AD0000E4F0E5E0F43C293DF110424C293F812DF
:105AE00001241F430F5F0F5F0F5F0F5F0EDF3ED07C
:105AF000E2227F401100B0120E564F4BB0126040B0
:105B00003B4130410B122182B0124C404D4F1F429D
:105B1000DC11C14F00008F10C14F01000E412E5308
:105B20001F42FA11CE4F00008F10CE4F01004F4D93
:105B3000B01260406C420D414E433F406801B012CC
:105B4000924421523B4130415E435F43B0122449AD
:105B50004F931B20B0124C40829340110324B0128B
:105B60006040223C92434011B0126040B0124C4061
:105B7000F2D020001D00B0126040B01200443C4042
:105B800014000D43B0125A460F3C6E435F43B012EF
:105B900010454F9303243F40090030415E435F436B
:105BA000B01210454F9302240F4330413F4005008F
:105BB00030410B120A12091208120712094E0A4F3D
:105BC0004B434D4B0D5D0D5D4F4B0F5F0D5F0D5FFB
:105BD0000D5F0E4D3E5054125F4E08006FF34F2480
:105BE0000749084A178D5412187D56120C470D4864
:105BF0001C8E04001D7E060042285F4E08005FF3E5
:105C00000324EEC30800063C9E5E040000009E6E66
:105C1000060002004F4B1F9329242F9303340F9348
:105C20000424303C2F9325242D3C4E435E921411C6
:105C3000292C4F4E0F5F0F5F0F5FDF537513FF90DF
:105C4000640075130E20CF436F13CF436E13CF4301
:105C50007113CF437013CF437313CF437213FF43BA
:105C600074135E535E9214110D2CE33FB012C8649E
:105C7000093C0D430E430F43B012D257033C5B5314
:105C80006B929F2B7F42B0122442374138413941F9
:105C90003A413B4130410B120A1209120812071215
:105CA0000A4E0B4F084C094DB0124C40474F824AE8
:105CB000F611824BF8118248F0118249F211B012AC
:105CC00078424F47B01260403741384139413A413C
:105CD0003B4130417FF30F9303203E403611023C9D
:105CE0003E4006112F4E12C30F10C24F66130F4EC7
:105CF000B012B469B0124C40F2F0CFFF0300F2D002
:105D000030000100B01260403041F2F0EFFF0500BA
:105D10003F403300EFC30000EFC20000FFC20000AD
:105D20003041F2F0CFFF05003F401B00FFF0BFFF06
:105D30000000FFF07F00000030415F4F0B0030415A
:105D40000B124B4FB0124C40C29B35110820F29001
:105D5000030034110420B01260401F43033CB01212
:105D600060400F433B4130410B124B43B0124C405B
:105D7000F2900A00E8120420E292D91101205B435C
:105D8000B01260404B9308246F43B0122442B0120B
:105D90004C40C2431811043CB0124C40D24318117D
:105DA000B01260403B413041D2C33111F2407E001D
:105DB00093111D433E4093114F43B012C25D7FF3D8
:105DC00030410B120A1209124B4F094E0A4D7FF354
:105DD0000F9304204F43B012405D013C5F434F934B
:105DE00002240A9302201F43143C82936A13032463
:105DF0003F4005000E3C82496A13824AEC128243FE
:105E0000E011C24B5A116F499243E011C24F7F001B
:105E10000F4339413A413B4130410B120A120912FA
:105E2000494F0A4D0B4EB012764343120B120A1221
:105E30000D4E0E4F4F49B0124258315006003941B5
:105E40003A413B4130410F120E120D120C120B124F
:105E50005B427E00B012A25E4F931A24B012E06142
:105E60007FF30F9315204F4B8293D6110F241F42BF
:105E7000D6111F52E412CF4B00009253E4129292BB
:105E80005212E41205288243D611023CB012226954
:105E90003B413C413D413E413F41B1C0F00000002B
:105EA0000013C293341102200F4330411F4330418D
:105EB0000B120A124A4F4B4E5F42D9111F931A24FC
:105EC0002F9303340F930724093D2F9358243F90B9
:105ED00003006324033D4A932025C243FF12C243BB
:105EE000FE12C243EA12C2430313C243DA118243D1
:105EF0004C12113D4A9311211F424C12B0122061E5
:105F0000824F4C12E243D911C24B03134F4B3F90C7
:105F1000440002201F43013C0F434F93DF24F290C3
:105F200044000313DB204E435F4219115FF3052445
:105F3000E2B219114F434F63043CE2B319114F43CE
:105F40004F637FF34F9313205F4219115FF30324D4
:105F5000E2D21911023CE2D31911F2F0E7FF191154
:105F6000F2D21911C2431B11F2431A11023C7E40B6
:105F700005000F4E3FF005004F93B020CE3C4A93F2
:105F8000AD20C24EDA111F424C12B0122061824F76
:105F90004C12F2400300D911C03CF293EA129E2445
:105FA0004A934324E293EA1299285E42FE124E93EA
:105FB00003244F4E7F53013C6F434E4F7FF35F4F9F
:105FC00000138F100D4F3DF000FF4E9303244F4EF2
:105FD0007F53013C6F437FF35F4F00130DDF1D9232
:105FE0004C127C204F43B0126A615C42DA115E426F
:105FF0003F125F423E125F537F90060001284F43DD
:106000000D434F9E01201D434D9368205F423E1279
:10601000CF4C4012D2533E12F29006003E1202289C
:10602000C2433E12B012BE58593CE293EA124728CE
:106030005F42FF125E4F00135F42191112C34F10EF
:106040004F114F113FF003001F9305242F93213868
:106050002F9313241E3CF2F0E7FF1911F2D0100029
:1060600019114F4E0F9303207F400500013C4F4311
:10607000C24F1B11C24E1A110C3CF29034001B117E
:10608000082C5F421B111F522011CF4E0000D2532B
:106090001B115F42FF125F4F00133E40FF12DE53A1
:1060A0000000FE90030000000228CE4300007FF3B2
:1060B0004E4F1F424C12B0122061824F4C125F4271
:1060C000FE12CF4B0013D253FE12F2900300FE12C9
:1060D0000228C243FE12D253EA121F3CC243FF12EF
:1060E000C243FE12C243D911C243EA12C243031390
:1060F000C243DA1182434C12E2C331115F43B01242
:106100006A61C29318110524E242D911B012685D88
:10611000043C4A930224D243D9113A413B413041D5
:106120000C4F4D4E8F104E4F0F4C7FF38F100C4E77
:106130000CDF4F4D0CEF4F4C12C34F104F114F114E
:106140004F117FF30CEF0F4C7FF38F100F5F0F5F3A
:106150000F5F0F5F0CEF0F4C7FF30F5F0F5F0F5F51
:106160000F5F0F5F0CEF0F4C30414E43C2932B116A
:1061700027204F9325205E43D2432B11D2421A1180
:106180002C115F4219115FF3C24F75119242201119
:106190002E11D2421B1130115F4219115FE35FF3E0
:1061A000D2C31911C2DF19115F4219115FF37FF3D6
:1061B0000F5F924F1C112011F2F0E7FF1911093CFB
:1061C0005F4219115FF30324E2C21911023CE2C3DA
:1061D00019114E9304247F400500B012244230412F
:1061E000F2900300341103243F40FF0030415F422E
:1061F000351130410F120E120D120C12B012A25EA8
:106200004F930824B012E0617FF30F9303204F43B4
:10621000B01254693C413D413E413F41B1C0F000A4
:10622000000000135F4231115FF30C24D2C331111F
:10623000D242E91293111D433E4093114F43B012D5
:10624000C25D3041B0125A6730414E4F7F5083FFDC
:106250006F930A2CD2D331117EE02000C24EE91296
:10626000F2407D009311023CC24E93111D433E400B
:1062700093114F43B012C25D7FF330410F120E12E3
:106280000D120C1221835F4223005FF225007FF381
:10629000814F00002F411FF30D24D2C3230092939E
:1062A00090110520A2439011B01250594A3CD2538C
:1062B000CB11473C2F412FF30324E2C32300413C81
:1062C0002F412FF20324E2C223003B3C2F413FF237
:1062D0000324F2C22300353C2F413FF010001B2461
:1062E000F2F0EFFF2300A2424011F2F0EFFF250091
:1062F000F2F0EFFF23000E437F401D00B0120E5658
:10630000B012045BB0126445B01284447F400900AF
:10631000B0122442163C2F413FF020000424F2F03A
:10632000DFFF23000E3C2F413FF040000424F2F039
:10633000BFFF2300063C2F414F930334F2F07F0050
:10634000230021533C413D413E413F41B1C0F0005B
:10635000000000130F1221835F422B005FF22D001B
:106360007FF3814F00002F411FF30324D2C32B0082
:10637000303C2F412FF30324E2C32B002A3C2F4152
:106380002FF20324E2C22B00243C2F413FF20324CE
:10639000F2C22B001E3C2F413FF010000424F2F00B
:1063A000EFFF2B00163C2F413FF020000424F2F0B9
:1063B000DFFF2B000E3C2F413FF040000424F2F0A1
:1063C000BFFF2B00063C2F414F930334F2F07F00B8
:1063D0002B0021533F41B1C0F000000000130F1209
:1063E0000E120D120C120B125B427600B0125264A8
:1063F0004F932624B01260647FF30F932120829381
:10640000E61206241F42E6121F526013CF4BFFFF15
:10641000929264136013032CB0129856113CF2F060
:10642000BFFF00001B42EC111E42E6121D42641326
:106430005F42FC110F9304204C430F4BB012F659EE
:106440003B413C413D413E413F41B1C0F000000075
:106450000013C293461102200F4330411F433041C5
:10646000F2900300461103243F40FF0030415F4299
:10647000471130410F120E120D120C124E435F42A3
:1064800070007FF0200009245F4270006FF2052445
:106490005F4270005FF301245E430F4E1FF34F9382
:1064A0000524B01252644F930724043CB012526486
:1064B0004F930224B01260643C413D413E413F4154
:1064C000B1C0F000000000130B12C2930F11332073
:1064D0003B4094117E400F000F4BB012A4570E4F5B
:1064E0000F9329241F420011CE4F01008F10CE4F71
:1064F00000001F420011CE4F03008F10CE4F02004C
:106500001F420011CE4F05008F10CE4F0400CE4326
:106510000800EE420900CE430B00CE430A00CE43F2
:106520000E007D400F000E4B3F43B012B8574F9303
:106530000220D2430F113B413041C2432600C243E7
:106540002E00C2431B00C2431F00C2433300C2439C
:106550003700C2432100F240E0FF2200F240300049
:106560002900F2407B002A00C2431900F240F1FFEB
:106570001A00F240DDFF1D00F240FDFF1E00F24355
:106580003100F2433200C2433500F2433600C243C9
:106590002500C2432D003D4000281E4270011F42CD
:1065A00070010F8E0D9FFB2FB0126A780F433041A0
:1065B0000B120A1209120812071206124643474329
:1065C0004843B0124C404E4FC2436D134943C293EF
:1065D000E812012059434B43F292E81201205B4339
:1065E0004A43F2900900E81201205A434B930220DB
:1065F0004A930724C243E8125F4250120F5FCF4311
:1066000002124F4EB01260404B9302204A931E2458
:10661000D2535E13F2904300F5111220B0124C4099
:106620003E403F12E29E3E120824DE530000FE90E0
:10663000060000000228CE430000B0126040053C76
:1066400046434B93012056435743594349935324A0
:10665000B0124C405B421811B01260404B930824BA
:10666000B0124C40F2400A00E812B0126040433CC5
:10667000B0124C40594202125A420412B012604009
:10668000B0124C404B43D2923F123E1201205B436A
:10669000B01260404F4B4F93242049932220B012F8
:1066A0004C404A4FE24302124943B0124C404B4324
:1066B000D2923F123E1201205B43B01260404F4B1A
:1066C0004F9304205F423F12594F4012C2490312B8
:1066D0004F4AB0126040F2404300F511C2435012DD
:1066E000093C4F4A7F536F93062CF2404500F51149
:1066F000D2435012584347930924B0124C40C2462B
:106700002811B01260406F42B0122442F2900A0089
:10671000E8120320B012685D193C48931724B012A8
:106720004C4082431414C243EE11D243E812B0121B
:106730006040B012A85D4F930924B0124C40F24063
:106740000900E812B0126040B012BE58364137411D
:10675000384139413A413B4130410B124B435F4292
:10676000E8123F900A00842C0F5F104F6E6770682C
:1067700082679867BA6730684268586866686A686E
:1067800070685F42F511B0124A624B4FF24003004D
:10679000E8125E42F5110A3C5F425E13B0124A6293
:1067A0004B4FF2400300E8125E425E131F42141486
:1067B000B0122061824F14145C3C5F4250120F5F94
:1067C0005F4F0312B0124A624B4F5F4250120F5F8D
:1067D0005E4F03121F421414B0122061824F141432
:1067E000D253EE11D293501220205F4227111F5234
:1067F00022116F4FD2532711D29227112611042C48
:10680000E24304120F43013C7FF34E4F5F425012AC
:106810000F5FEF9302120924F293EE1106245F42F8
:1068200050120F5FCF4E0312243CE242E812213C8B
:106830005F421414B0124A624B4FF2400500E81256
:10684000183C1F4214148F107FF3B0124A624B4F52
:10685000F2400600E8120D3CB012A85D4B4FF2402A
:106860000700E812063CF242E812B012BE58013CA2
:106870005B434B930524F2400900E812B012BE5866
:106880003B4130410B120A1209120812B0124C405F
:1068900059422C111A422E115B4230115842751187
:1068A000B01260404F490F9303207F400500013C28
:1068B0004F434B8F4F490F9304204D4B7D50F9FFB1
:1068C000013C4D434B4D4F490F9311200F4AB012DD
:1068D0003A5D0E4A3E500C007FF33F908900052040
:1068E0004D4B0F4AB0123A7C033C0F4A013C0F4A11
:1068F0000A4FB0124C404E4F4F480F5F8F4A1C1149
:1069000048930324E2C21911023CE2C31911C243A5
:106910002B114F4EB0126040384139413A413B4152
:1069200030414E4F7F907E0003204E435F430F3C2B
:106930007F907D000320E2D3311130415F4231115D
:106940006FF30424E2C331117EE020004F43B01204
:10695000B05E30414D4FC29F5A110F241F426A133F
:1069600082436A130C4F1E42EC124F4D0F932120AD
:106970005D430F4CB012246230419292EC12E01150
:106980000A2C1F426A131F52E0116F4F9253E011FD
:10699000C24F7F0030411F426A1382436A130C4F7B
:1069A0001E42EC124F4D0F9304204D430F4CB0127A
:1069B000246230410B120A120B4FB0124C404A4F66
:1069C000D2437800B0120A5D5F4B03006FC25FD301
:1069D000C24F7800D24B04007900D24B05007A00F8
:1069E0002F4BC24F7C008F107FF3C24F7D005F4B57
:1069F0000200C24F7B005F4B06007FF003007F90D8
:106A000003000C203F401B00FFD040000000FFD0DF
:106A100080FF0000F2D0300005002C3C5F4B0600E8
:106A20007FF003006F930F20F2F0DFFF05003F407F
:106A30001B00FFF0BFFF0000FFD080FF0000F2D07E
:106A400010000500173C5F4B06007FF003005F93CA
:106A50000F20F2F0EFFF05003F401B00FFF07F002A
:106A60000000FFD040000000F2D020000500023CF2
:106A7000B012225DD2C37800F2F0CFFF0300F2F033
:106A8000CFFF01004F4AB01260403A413B413041D4
:106A90000B120A124B4FB0124C404A4FF2900300B7
:106AA00034114A20C29B351147204F43F2933211D3
:106AB00001205F431FF34F932820F29332111024DB
:106AC0005E4232115F423211D24FF4113211F29311
:106AD00032110220F24333114F4EFF43F411023CB6
:106AE0003F40FF00C24FF912F2433511D243341137
:106AF0007F400600B01224424F4B0F931820D24320
:106B00007800F2F0CFFF0100103CD2433511C243B0
:106B100034114F4B0F930720D2437800F2F0CFFF90
:106B20000100B012225DB0120A5DB012225D4F4A20
:106B3000B01260400F43043C4F4AB01260401F4304
:106B40003A413B4130410B124B4FB0124C40C29383
:106B500034111720E2433411C24BF912B0126040D5
:106B6000B012D87DC29B351108204F4B0F930320E4
:106B70004F43B012D45C0F43073CB0124C40C243A9
:106B80003411B01260401F433B4130410B120A12D6
:106B9000091208120712061205120412B0127643E7
:106BA000094E0A4F37433840FF7F4643B2F0EFFFAC
:106BB00082014B434E4B0E5E0E5E4F4B0F5F0E5FDE
:106BC0000E5F0E5F0D4E3D5054125F4D08006FF387
:106BD00014240449054A148E5412157E56121C4D75
:106BE00004001D4D06000C840D750E4C0F4D0E87D4
:106BF0000F780334074C084D56435B536B92DA2BE6
:106C0000469316240E470F481E830F7305340E4912
:106C10000F4AB012B25B0C3C824704138248061341
:106C2000D243C8110C470D480E490F4AB012965C6A
:106C30003441354136413741384139413A413B4190
:106C400030410B120A12091208120712094F474E5F
:106C50000A4F3A502800B0124C40484F6E435F43F1
:106C6000B01210454F9305204F48B01260401F43AB
:106C70004A3CB0124C40E242F112B01260408249EC
:106C80003C124F48B012604077500D00C9470000D9
:106C90000D491D535F4D01008F105E4901000FDE4D
:106CA0003FF02000C94F01008F10CD4F01005F4D14
:106CB00001008F105E4901000FDE3FD04188C94FAF
:106CC00001008F10CD4F0100CA430400CA430000E9
:106CD000CA4301000F4A3F500600CF430300CF4391
:106CE0000200CF4301003C4000800D430E4C8E104B
:106CF0007EF3CA4E0600D243F4125E431F423C129A
:106D0000B0120A7A0F433741384139413A413B4189
:106D100030410B12B0124C405B42CA11B0126040BD
:106D20004F4B3B4130410B12B0124C404B4FC29382
:106D300010140424B01260401F43113CD2431014BD
:106D4000A292401104205F43B0121E4A043C7F40CF
:106D50000D00B01224424F4BB01260400F433B4134
:106D600030410B12B0124C404B4FA29340110424FF
:106D7000B01260401F432C3CB240030040113E4023
:106D800018007F401D00B0120E56F2F0EFFF2500F4
:106D9000F2F0EFFF2300F2F0EFFF2400F2D010003A
:106DA00025005F43B0122A4B3E407F027F401C000B
:106DB000B0120E56B0127E5AB012AE5A3E40562A4B
:106DC0007F401700B0120E564F4BB01260400F4379
:106DD0003B4130410B12B0124C404B4FA29240113C
:106DE0000424B01260401F43083C7F400300B012EF
:106DF0002A4B4F4BB01260400F433B4130410B12C6
:106E00000A12B0124C404A4FB01264454F43B012C0
:106E100072454B4F4F4AB01260404F4B3A413B4195
:106E200030410B120A120912494F0A4EB0124C405F
:106E30004B4F4E434F43B01210454F9305244F4BD9
:106E4000B01260400F43173C4F4BB01260404F49A7
:106E50007FD04000B0123C454B4F4F43B0123C45F1
:106E60007FF38F108A4F00004F43B0123C457FF3F1
:106E70008ADF00004F4B39413A413B4130410B1210
:106E80004B4FF290030046113A20C29F4711372022
:106E90004F43F293441101205F431FF34F9320208F
:106EA000F293441110245E4244115F424411D24FC8
:106EB00067134411F29344110220F24345114F4EDF
:106EC000FF436713023C3F40FF00C24FDE11F24315
:106ED0004711D24346117F401000B0122442043CB7
:106EE000D2434711C24346114F4B0F930620D24362
:106EF0007000B0124246D2C370000F43013C1F43E2
:106F00003B4130414E4FC29346112324C29FDE11B4
:106F100026244D4F4C437FF3FF9367130320C29EFB
:106F2000451101205C434F4C3E4005004F930D201E
:106F3000F29344110320C24D4411043C5F424511B9
:106F4000CF4D6713C24D45110E434F4E3FF0050024
:106F50003041D2434611C24FDE11B01270490F4387
:106F600030410B120A1209120812071206120512FA
:106F7000041221828143000081430200054F4443F3
:106F8000B01200440D4E0D850C4D0D43084E094FB7
:106F9000088C097D1F424C113F90050004243F904E
:106FA0000600BF24E63CB24006004C11D243D41187
:106FB000C2434E116F43B0124A441A42E2110B4AC7
:106FC0003B502E00CB4803000E480F498E108F1007
:106FD0004EEF0EEF7FF3CB4E02000C490D43CB4C2E
:106FE00001000E4C8E107EF3CA4E2E001F42E2119D
:106FF000CF932D0078246F4F7F50FBFF4A4F4F4AAD
:107000007FF30B4F1B52E2116E4B0F430F4E0E439B
:107010007FF38F10574B010006430ED60FD75C4B02
:1070200002000D434DEC0DEC8D107CF38C100EDC4A
:107030000FDD5C4B03000D430EDC0FDD0E880F7976
:10704000CB4E03000C4E0D4F8C108D104CED0CED03
:107050007DF3CB4C02000C4F0D43CB4C01000E4C8A
:107060008E107EF3CB4E0000B01284446C420D4B68
:107070004E4A0F43B0129244B01264456E4B0F4318
:107080000F4E0E437FF38F10D14B01000200C1431E
:107090000300814300002ED11FD102005C4B02008F
:1070A0000D434DEC0DEC8D107CF38C100EDC0FDDE0
:1070B0005C4B03000D430EDC0FDD0E580F69CB4E09
:1070C00003000C4E0D4F8C108D104CED0CED7DF32C
:1070D000CB4C02000C4F0D43CB4C01000E4C8E10DC
:1070E0007EF3CB4E00001E42E2115F4E02008F1075
:1070F0005E4E01000FDE3FF020000224D2437811E3
:107100007F400300B0127245B2F0EFFF86010E43DC
:107110005F421C006FF301241E434F4E1FF34F9339
:107120008320C243D4115F43B0124A441E42E2118D
:107130005F4E02008F105E4E01000FDE3FF0200018
:107140000B24B24007004C11B01200443C40000137
:107150000D43B0125A46033C4F43B01280470E43D2
:107160005F421C006FF301241E434F4E1FF34F93E9
:107170005B24C2934E113A20C293D4113720D243DC
:10718000D4116F43B0124A440E435F421C006FF3A8
:1071900001241E43444E0B480C49F2925C13182CF8
:1071A0005E4262135F425C130E5F0F4E3EB0008082
:1071B00002343F5007003FF0F8034E8F4F4E7FF3ED
:1071C0000F5F0F5F8F4B08138F4C0A13D2535C1362
:1071D000D2434E11824500120E435F421C006FF3F2
:1071E00001241E434F4E1FF34F931E20D293D41100
:1071F0001B20C243D4115F43B0124A44C2434E1114
:10720000449312200F451F8200123F900A000C2C5D
:10721000C2935C130224F2535C138293E2110424A0
:107220001F42E211B012A847215234413541364184
:107230003741384139413A413B4130411F424C11BD
:107240003F90050032243F900600062C3F9003003B
:1072500009242F921F2430413F90070022243F929F
:10726000192430410E435F4220007FF010000124BA
:107270001E434F4E1FF34F930A24A2424C11B012EB
:1072800000443C4007000D43B0125A463041B01252
:10729000D4473041B01278484F931620B012764A46
:1072A00030414F43B012804730417F400900B01257
:1072B0002A4B5F43B0124A447F400300B01272452C
:1072C0007F400700B012804730410B12B0124C4093
:1072D0005B424C11B01260407BF32B920C243B902C
:1072E000050003342B930424273C3B920724243CC1
:1072F000B0128C55253CB012764A223CB012844420
:107300007F400900B0122A4BB01264457F40030051
:10731000B0127245B0124C4092434C11B012604012
:10732000B0124C40F24003003E11B01260407F406A
:107330000B00B0122442043C7F400300B01272459F
:107340003B4130410B120A12B0126445B2924C110B
:107350001A20B01284447F400900B0122A4BB012A8
:1073600064457F400300B012724592434C11B01245
:107370004C40F24003003E11B01260407F400B00D1
:10738000B0122442243CC29313140520A2424C1193
:10739000B012764A1C3C7F400300B0127245B240E6
:1073A00003004C11B01218480C4E3A403601B0128E
:1073B0009E7F0F4E3F500B00824F72111A42721186
:1073C0000B43B01200440C4A0D4BB0125A463A41DE
:1073D0003B4130410B120A12091208120712074FE3
:1073E000194258110849E24992111F4290113F90E9
:1073F000050056243F900600032C2F930524563D8C
:107400003F900600AA24523DB240050090115F4211
:1074100092110E4F1E535F4274110F9E3E380E4361
:107420005F4220007FF201241E434F4E1FF34F9313
:1074300013200E435F4220005FF37FF34F9301243C
:107440001E434F4E1FF34F9307205F4274115F821C
:1074500092117F53C24F7411F2902A0092111D2C89
:10746000C29392111224F292921105280F481F53D1
:107470003C4007006C3CB240060090110E481E5381
:107480005F4292110C4F0D4E633CC243D811B012B3
:1074900064456F42B0127245063DB0123E5A0D3D32
:1074A000B24006009011C293DF114924C293F81232
:1074B00046205F4902008F105E4901000FDE12C3B3
:1074C0000F100F110F110F110F111FF338240A495C
:1074D0003A5006005F4A01008F105E4906000B4FCC
:1074E0000BDEB0128A570B9F08245F4A01008F10F1
:1074F0005E4906000FDE3F9322205F4902008F1095
:10750000594901000FD93FF007001F931820B0120E
:107510006445B01284447F400A00B0122A4BB01276
:107520006445B01284440E483E525F4292117F502F
:10753000F9FF4D4F7F403F00B0129459BE3C0F48B9
:107540003F525E4292117E50F9FF7EF30C4E0D4F7A
:107550000E434F43B0125A56B03CB0126445C2932A
:10756000CB1106206F42B0127245C293CB110A2490
:107570000E435F4220007FF201241E434F4E1FF353
:107580004F9313200E435F4220005FF37FF34F932E
:1075900001241E434F4E1FF34F930724C2935C13E5
:1075A0000424F2900B009211052C1F425811B012C6
:1075B000A8473E3CD2935C1321201A4258115F42E7
:1075C00062130F5F0F5F1C4F08131D4F0A130B4A06
:1075D0003B502E00CB4C03000E4C0F4D8E108F10E5
:1075E0004EEF0EEF7FF3CB4E02000C4D0D43CB4C14
:1075F00001000E4C8E107EF3CA4E2E005D426213C7
:107600000E4D1E530F4E3EB0008002343F50070017
:107610003FF0F8014E8FC24E6213F2535C13082400
:107620001F425811B012A847C2436213C2435C13F1
:107630005F4292110F58CF930000353407933324E3
:107640005F4902008F105B4901004BDF7BF00700B0
:107650001E4258116B9320208293E2111D241D427B
:10766000E211B29007004C111720DE9D03000300C9
:107670001320B2F0EFFF86016F4EDD432C007FF345
:107680000F5EDD4FFFFF28006F4F7FF07F00CD4F73
:1076900029004F43B01280475B9305207F401100C3
:1076A000B01224420A3CB012E458073CC243D8113D
:1076B000B01264456F42B0127245374138413941CA
:1076C0003A413B4130410B12B0124C404B4F824388
:1076D0009011B012665AB0126445B0125C7A4F4BEA
:1076E000B01260400F433B4130410B120A120912A5
:1076F0000B4F094E4A4DCF932B000C24B0129E57CE
:107700007F903F0006204D4A0E490F4BB0121C7768
:10771000013C0F4B39413A413B4130410B120A12B7
:107720000912081207120A4F074E484D0943B012BA
:1077300048540B4FB01214550B9F05240F4AB0123A
:1077400048543F930120194349930D245F4A0B008D
:107750003F90060006204D480E470F4AB012FE7AB1
:10776000033C0F4A013C0F4A3741384139413A4105
:107770003B4130410B120A120912081207124A4FFC
:10778000094E484D4F9302241F432D3C7FF30F5F5A
:107790008F93461203243F400500253C4F4A0F5F5C
:1077A000074F37504612874E00004F4D7F500D0057
:1077B000CE4F0000C293561115245B4E0B000F4EA6
:1077C000B0124854C24A56114C480D490E4F4F4B07
:1077D000B01258544F930424D243561187430000EB
:1077E0007FF3013C0F433741384139413A413B4136
:1077F00030410B120A1209120812071206124843EE
:107800005E420F114F48CF93681324245A434B43D1
:107810000C4F094F09590959095937404612464E2C
:107820004F4A5FFC681311244F4B4F594D4F0F4D7A
:107830000F5F0F572E4F8F430000CCCA68130D9374
:1078400004203E900612012046434A5A5B537B9225
:10785000E72B4E465853D627C24E0F1136413741BB
:10786000384139413A413B413041E2D31A00F2D22A
:107870001A00F2D080FF1E00F2D010001E00F2D0DD
:1078800080FF1D00F2D010001D0003430343F2F0FF
:10789000EFFF1D00F2C219005F43B012A44E4F4328
:1078A000B012A44E5F43B012A44E5F43B012A44E78
:1078B0005F43B012A44E4F43B012A44E4F43B012D8
:1078C000A44E5F43B012A44EF2D010001D00F2D2BD
:1078D0001900E2D3190030410B120A1209120943B0
:1078E0003A4000080F490FDA0B43B012884E5E434E
:1078F0001F4290013F52824F920192C382011F4268
:1079000082011FF3FC270D4B1B4270014F4E7E532B
:107910005F93EE370F4B0F8D3F900104012C09DA76
:107920000A110A93DF230F493FF0E0003F90E00087
:10793000022039F0E0FF0F49B012884E39413A4138
:107940003B4130417E4005001F4262013FF0100084
:107950000A201F4264013FF0100005201F4266010B
:107960003FF0100007241F4260013FF000033F90EA
:1079700000022B245F4204007FF0C0FF05245F4219
:1079800071007FF0200021205F4205007FF0300071
:1079900005245F4279007FF0200017205F427000CD
:1079A0005FF314245F4271007FF020000F245F42D8
:1079B00072007FF020000A245F4270006FF20624FC
:1079C0005F4270007FF0200001246E431F42A0013F
:1079D0003FF0100018241F42A2013FF010000624BF
:1079E0001F42A2013FF20E204E430D3C1F42A20156
:1079F0003FF0000408241F4260013FF000033F9065
:107A0000000201206E434F4E30410B120A120A4F02
:107A10004B4EB0124C40B2924C110520B012604057
:107A20003F400300183C92934C110424B012604074
:107A30001F43113CA2434C11C24B1314824AE21162
:107A4000C2436011B0126040B01278484F930220D8
:107A5000B0128C550F433A413B413041D2C325000F
:107A6000D2C323000F4330410B120A120B4F4A4E70
:107A7000F2436913B0124C400D430E4D0E5E0E5E84
:107A80008E9B62110920CE9A64110420B0126040CE
:107A90001F43083CC24D69131D532D92EE3BB0129B
:107AA00060400F433A413B4130410B120A12091228
:107AB00008120A4F494E5B4269134843B0124C40CA
:107AC0004E4F7B930324C29B4F1103205B424F1107
:107AD00058434F4B0F5F0F5F8F4A6211CF496411BC
:107AE00048930524D2534F11F2F003004F114F4E2B
:107AF000B0126040384139413A413B4130410B12AC
:107B00000A12091208120A4F0B4E394094117E4096
:107B10000F000F49B012A4570D4F5F4A09008F1094
:107B20005E4A0800084F08DE6F4B8F105E4B010065
:107B30000FDE824FD2115F4B09001F9311243F903B
:107B400003007520FD40030009007D400F000E4931
:107B50003F43B012B8574F936A20D2430F11673C8E
:107B6000A293761107249293761161209292D211FA
:107B700010115D205F4B04008F105E4B05000FDE7F
:107B8000824F4E125F4B02008F105E4B03000FDEE0
:107B9000824FF6125F4B08005F53C24F12140D4321
:107BA0001E430F43B012D2575C4212140D481E42BE
:107BB000F6121F424E12B0121E7EC24F1511C29312
:107BC0000E113520394006127E4009000F49B012CF
:107BD000AA580D4F0F932B24DF4300001F42D211F0
:107BE000CD4F02008F10CD4F01005F4B0A008F1068
:107BF0005E4B0B000FDECD4F04008F10CD4F030006
:107C00003F437D4009003E400B12CE4F01008F10D4
:107C1000CE4F0000FE4089FF0600CE4D04000E4905
:107C20004F43B012227D4F930220D2430E110F4AD0
:107C3000384139413A413B4130410B120A12091295
:107C40000A4F7D90090068200B4E0D431E430F43E1
:107C5000B012D257E24B7611C24377115F4B01004D
:107C60008F105E4B02000FDE824F10116F4B2F936F
:107C70000A243F90030003341F9305244D3C3F909A
:107C800003000A24493C5F4B03008F105E4B040045
:107C90000FDE824F1211403C5B421011C2930F1154
:107CA0003B20394094117E400F000F49B012A45779
:107CB0000E4F0F9331241F420011CE4F01008F1041
:107CC000CE4F00001F420011CE4F03008F10CE4F49
:107CD00002004F4BCE4F05008F10CE4F0400CE4315
:107CE0000700CE430600CE430800EE430900CE4312
:107CF0000B00CE430A00CE430E007D400F000E491C
:107D00003F43B012B8574F9307200D430E430F4324
:107D1000B012D257D2430F110F4A39413A413B4179
:107D200030410B120A1209124B4F0A4E494D8293F1
:107D3000241103243F4005004B3CB0124C404E4FF1
:107D40004F4B0F9303207F400500013C4F43C24F30
:107D500027117F900D0005284F4EB01260402F4331
:107D6000373CC2432811824A2211A2432411C24B3C
:107D70002A11C24329114D494F4B0F9303207D50C7
:107D80000700013C4D435D522711C24D26114F4E55
:107D9000B01260404A43B0124C403E400412CE93B1
:107DA00000000520DE430000C24B05125A43B0120A
:107DB00060404A930424B012BE580F43023C3F4037
:107DC00005004F9302200F43033C824324111F43BD
:107DD00039413A413B4130410B12B0124C404B4FBC
:107DE000D29335111620D293341105207F4006001E
:107DF000B0122442093CE29334110B20D242F91212
:107E00003511F240030034114F4BB01260400F4364
:107E1000043C4F4BB01260401F433B4130410B12BA
:107E20000A120912081207120612051204120A4F4A
:107E3000064E054D444C4C435C921411282C0B4EBD
:107E40008B107BF3094D891079F34F4C0D4F0D5D6D
:107E50000D5D0D5D5F4D6E138F105E4D6F130FDE68
:107E60000F9A1120CD94741348244728CD447413DD
:107E7000CD467113CD4B7013CD457313CD4972139D
:107E8000CD437513343C5C535C921411DE2BF2909D
:107E900014001411322C4C43094A891079F3084616
:107EA000881078F30745871077F34F4C0D4F0D5D21
:107EB0000D5D0D5D0B4D3B506E135F4D6E138F10BE
:107EC0005E4B01000FDE0F931420CB4A0100CD4919
:107ED0006E13CD467113CD487013CD457313CD4746
:107EE0007213CD447413CD437513D25314111F4331
:107EF000053C5C537C901400D82B0F433441354132
:107F000036413741384139413A413B4130410B120A
:107F10000A120912094F0A4E0E4F3D900600082C16
:107F20000D932824CE4A00001E533D53FB23223CD0
:107F30004B4A0B9303240F4B8F100BDF0C491CF3A0
:107F400009242F430F8C0C4F0D8FCE4A00001E5377
:107F50003C53FB230C4D12C30C108E4B00002E53D0
:107F60003C53FB230C4D1CF30524CE4A00001E534A
:107F70003C53FB230F4939413A413B41304102DF39
:107F8000FE3F4EEE7B400900053C0D104E6E4E9AB2
:107F900001284E8A4C6C0D6D5B83F72330410EEE49
:107FA0003B401100053C0D100E6E0E9A01280E8A02
:107FB0000C6C0D6D1B83F723304104120512061261
:107FC0000712081209120A120B121441120015416D
:107FD00014001641160017411800824C30018244EB
:107FE000380118423A0192423C013A0192423E0164
:107FF0003C01824C340182453801824D3401824477
:10800000380119423A0192423C013A0192423E0142
:108010003C0182453801824C340182463801824E4F
:108020003401824438011A423A0192423C013A0139
:1080300082453801824C340182473801824D340137
:1080400082463801824F3401824438011B423A0192
:108050000C480D490E4A0F4B3B413A4139413841DA
:0A80600037413641354134413041CB
:10806A000100020012A2120084102008030000007E
:10807A0000000000000001000000FF007C12B012A6
:10808A007C12000000000000000000000000000058
:10809A000000FFFF00010900101020080300000083
:1080AA00000000FFFFFF00010100220000000000A5
:0880BA00FFFFFF0000000100C0
:10FFE0003A405463F461465E7C62B44068403A40F3
:10FFF0007464DE633A403A40804BFA403A40004035
:0400000300004000B9
:00000001FF
